<?xml version="1.0" encoding="UTF-8"?>
<testsuite name="by.akimova.educationSystem.EducationSystemApplicationTests" tests="1" skipped="0" failures="0" errors="0" timestamp="2022-01-13T10:55:35" hostname="DESKTOP-75BC30H" time="0.311">
  <properties/>
  <testcase name="contextLoads()" classname="by.akimova.educationSystem.EducationSystemApplicationTests" time="0.311"/>
  <system-out><![CDATA[13:55:29.457 [Test worker] DEBUG org.springframework.test.context.BootstrapUtils - Instantiating CacheAwareContextLoaderDelegate from class [org.springframework.test.context.cache.DefaultCacheAwareContextLoaderDelegate]
13:55:29.470 [Test worker] DEBUG org.springframework.test.context.BootstrapUtils - Instantiating BootstrapContext using constructor [public org.springframework.test.context.support.DefaultBootstrapContext(java.lang.Class,org.springframework.test.context.CacheAwareContextLoaderDelegate)]
13:55:29.495 [Test worker] DEBUG org.springframework.test.context.BootstrapUtils - Instantiating TestContextBootstrapper for test class [by.akimova.educationSystem.EducationSystemApplicationTests] from class [org.springframework.boot.test.context.SpringBootTestContextBootstrapper]
13:55:29.503 [Test worker] INFO org.springframework.boot.test.context.SpringBootTestContextBootstrapper - Neither @ContextConfiguration nor @ContextHierarchy found for test class [by.akimova.educationSystem.EducationSystemApplicationTests], using SpringBootContextLoader
13:55:29.506 [Test worker] DEBUG org.springframework.test.context.support.AbstractContextLoader - Did not detect default resource location for test class [by.akimova.educationSystem.EducationSystemApplicationTests]: class path resource [by/akimova/educationSystem/EducationSystemApplicationTests-context.xml] does not exist
13:55:29.506 [Test worker] DEBUG org.springframework.test.context.support.AbstractContextLoader - Did not detect default resource location for test class [by.akimova.educationSystem.EducationSystemApplicationTests]: class path resource [by/akimova/educationSystem/EducationSystemApplicationTestsContext.groovy] does not exist
13:55:29.506 [Test worker] INFO org.springframework.test.context.support.AbstractContextLoader - Could not detect default resource locations for test class [by.akimova.educationSystem.EducationSystemApplicationTests]: no resource found for suffixes {-context.xml, Context.groovy}.
13:55:29.507 [Test worker] INFO org.springframework.test.context.support.AnnotationConfigContextLoaderUtils - Could not detect default configuration classes for test class [by.akimova.educationSystem.EducationSystemApplicationTests]: EducationSystemApplicationTests does not declare any static, non-private, non-final, nested classes annotated with @Configuration.
13:55:29.542 [Test worker] DEBUG org.springframework.test.context.support.ActiveProfilesUtils - Could not find an 'annotation declaring class' for annotation type [org.springframework.test.context.ActiveProfiles] and class [by.akimova.educationSystem.EducationSystemApplicationTests]
13:55:29.592 [Test worker] DEBUG org.springframework.context.annotation.ClassPathScanningCandidateComponentProvider - Identified candidate component class: file [C:\Users\505Dell\project\educationSystem\build\classes\java\main\by\akimova\educationSystem\EducationSystemApplication.class]
13:55:29.593 [Test worker] INFO org.springframework.boot.test.context.SpringBootTestContextBootstrapper - Found @SpringBootConfiguration by.akimova.educationSystem.EducationSystemApplication for test class by.akimova.educationSystem.EducationSystemApplicationTests
13:55:29.687 [Test worker] DEBUG org.springframework.boot.test.context.SpringBootTestContextBootstrapper - @TestExecutionListeners is not present for class [by.akimova.educationSystem.EducationSystemApplicationTests]: using defaults.
13:55:29.687 [Test worker] INFO org.springframework.boot.test.context.SpringBootTestContextBootstrapper - Loaded default TestExecutionListener class names from location [META-INF/spring.factories]: [org.springframework.boot.test.autoconfigure.restdocs.RestDocsTestExecutionListener, org.springframework.boot.test.autoconfigure.web.client.MockRestServiceServerResetTestExecutionListener, org.springframework.boot.test.autoconfigure.web.servlet.MockMvcPrintOnlyOnFailureTestExecutionListener, org.springframework.boot.test.autoconfigure.web.servlet.WebDriverTestExecutionListener, org.springframework.boot.test.autoconfigure.webservices.client.MockWebServiceServerTestExecutionListener, org.springframework.boot.test.mock.mockito.MockitoTestExecutionListener, org.springframework.boot.test.mock.mockito.ResetMocksTestExecutionListener, org.springframework.test.context.web.ServletTestExecutionListener, org.springframework.test.context.support.DirtiesContextBeforeModesTestExecutionListener, org.springframework.test.context.event.ApplicationEventsTestExecutionListener, org.springframework.test.context.support.DependencyInjectionTestExecutionListener, org.springframework.test.context.support.DirtiesContextTestExecutionListener, org.springframework.test.context.transaction.TransactionalTestExecutionListener, org.springframework.test.context.jdbc.SqlScriptsTestExecutionListener, org.springframework.test.context.event.EventPublishingTestExecutionListener]
13:55:29.703 [Test worker] INFO org.springframework.boot.test.context.SpringBootTestContextBootstrapper - Using TestExecutionListeners: [org.springframework.test.context.web.ServletTestExecutionListener@10650953, org.springframework.test.context.support.DirtiesContextBeforeModesTestExecutionListener@659eef7, org.springframework.test.context.event.ApplicationEventsTestExecutionListener@162be91c, org.springframework.boot.test.mock.mockito.MockitoTestExecutionListener@2488b073, org.springframework.boot.test.autoconfigure.SpringBootDependencyInjectionTestExecutionListener@1c9f0a20, org.springframework.test.context.support.DirtiesContextTestExecutionListener@55787112, org.springframework.test.context.transaction.TransactionalTestExecutionListener@1cd201a8, org.springframework.test.context.jdbc.SqlScriptsTestExecutionListener@7db82169, org.springframework.test.context.event.EventPublishingTestExecutionListener@1992eaf4, org.springframework.boot.test.autoconfigure.restdocs.RestDocsTestExecutionListener@f74e835, org.springframework.boot.test.autoconfigure.web.client.MockRestServiceServerResetTestExecutionListener@3276732, org.springframework.boot.test.autoconfigure.web.servlet.MockMvcPrintOnlyOnFailureTestExecutionListener@3f28bd56, org.springframework.boot.test.autoconfigure.web.servlet.WebDriverTestExecutionListener@31e3250d, org.springframework.boot.test.autoconfigure.webservices.client.MockWebServiceServerTestExecutionListener@19fe4644, org.springframework.boot.test.mock.mockito.ResetMocksTestExecutionListener@21d8bcbe]
13:55:29.706 [Test worker] DEBUG org.springframework.test.context.support.AbstractDirtiesContextTestExecutionListener - Before test class: context [DefaultTestContext@132ddbab testClass = EducationSystemApplicationTests, testInstance = [null], testMethod = [null], testException = [null], mergedContextConfiguration = [WebMergedContextConfiguration@297ea53a testClass = EducationSystemApplicationTests, locations = '{}', classes = '{class by.akimova.educationSystem.EducationSystemApplication}', contextInitializerClasses = '[]', activeProfiles = '{}', propertySourceLocations = '{}', propertySourceProperties = '{org.springframework.boot.test.context.SpringBootTestContextBootstrapper=true}', contextCustomizers = set[org.springframework.boot.test.autoconfigure.actuate.metrics.MetricsExportContextCustomizerFactory$DisableMetricExportContextCustomizer@336f1079, org.springframework.boot.test.autoconfigure.properties.PropertyMappingContextCustomizer@0, org.springframework.boot.test.autoconfigure.web.servlet.WebDriverContextCustomizerFactory$Customizer@40db2a24, org.springframework.boot.test.context.filter.ExcludeFilterContextCustomizer@7f132176, org.springframework.boot.test.json.DuplicateJsonObjectContextCustomizerFactory$DuplicateJsonObjectContextCustomizer@6ed3f258, org.springframework.boot.test.mock.mockito.MockitoContextCustomizer@0, org.springframework.boot.test.web.client.TestRestTemplateContextCustomizer@53de625d, org.springframework.boot.test.context.SpringBootTestArgs@1, org.springframework.boot.test.context.SpringBootTestWebEnvironment@31e5415e], resourceBasePath = 'src/main/webapp', contextLoader = 'org.springframework.boot.test.context.SpringBootContextLoader', parent = [null]], attributes = map['org.springframework.test.context.web.ServletTestExecutionListener.activateListener' -> true]], class annotated with @DirtiesContext [false] with mode [null].
13:55:29.744 [Test worker] DEBUG org.springframework.boot.ApplicationServletEnvironment - Activating profiles []
13:55:29.745 [Test worker] DEBUG org.springframework.test.context.support.TestPropertySourceUtils - Adding inlined properties to environment: {spring.jmx.enabled=false, org.springframework.boot.test.context.SpringBootTestContextBootstrapper=true}

  .   ____          _            __ _ _
 /\\ / ___'_ __ _ _(_)_ __  __ _ \ \ \ \
( ( )\___ | '_ | '_| | '_ \/ _` | \ \ \ \
 \\/  ___)| |_)| | | | | || (_| |  ) ) ) )
  '  |____| .__|_| |_|_| |_\__, | / / / /
 =========|_|==============|___/=/_/_/_/
 :: Spring Boot ::                (v2.6.2)

educationSystem 2022-01-13 13:55:30.037 [,] [Test worker] INFO b.a.e.EducationSystemApplicationTests - Starting EducationSystemApplicationTests using Java 17.0.1 on DESKTOP-75BC30H with PID 16124 (started by 505Dell in C:\Users\505Dell\project\educationSystem)
educationSystem 2022-01-13 13:55:30.038 [,] [Test worker] DEBUG b.a.e.EducationSystemApplicationTests - Running with Spring Boot v2.6.2, Spring v5.3.14
educationSystem 2022-01-13 13:55:30.038 [,] [Test worker] INFO b.a.e.EducationSystemApplicationTests - The following profiles are active: dev
educationSystem 2022-01-13 13:55:30.039 [,] [Test worker] DEBUG o.s.boot.SpringApplication - Loading source class by.akimova.educationSystem.EducationSystemApplication
educationSystem 2022-01-13 13:55:30.075 [,] [Test worker] DEBUG o.s.w.c.s.GenericWebApplicationContext - Refreshing org.springframework.web.context.support.GenericWebApplicationContext@66bfd864
educationSystem 2022-01-13 13:55:30.098 [,] [Test worker] DEBUG o.s.b.f.s.DefaultListableBeanFactory - Creating shared instance of singleton bean 'org.springframework.context.annotation.internalConfigurationAnnotationProcessor'
educationSystem 2022-01-13 13:55:30.112 [,] [Test worker] DEBUG o.s.b.f.s.DefaultListableBeanFactory - Creating shared instance of singleton bean 'org.springframework.boot.autoconfigure.internalCachingMetadataReaderFactory'
educationSystem 2022-01-13 13:55:30.167 [,] [Test worker] DEBUG o.s.c.a.ClassPathBeanDefinitionScanner - Identified candidate component class: file [C:\Users\505Dell\project\educationSystem\build\classes\java\main\by\akimova\educationSystem\controller\UserController.class]
educationSystem 2022-01-13 13:55:30.179 [,] [Test worker] DEBUG o.s.c.a.ClassPathBeanDefinitionScanner - Ignored because not a concrete top-level class: file [C:\Users\505Dell\project\educationSystem\build\classes\java\main\by\akimova\educationSystem\repository\UserRepo.class]
educationSystem 2022-01-13 13:55:30.183 [,] [Test worker] DEBUG o.s.c.a.ClassPathBeanDefinitionScanner - Identified candidate component class: file [C:\Users\505Dell\project\educationSystem\build\classes\java\main\by\akimova\educationSystem\service\impl\UserServiceImpl.class]
educationSystem 2022-01-13 13:55:30.662 [,] [Test worker] INFO o.s.d.r.c.RepositoryConfigurationDelegate - Bootstrapping Spring Data JPA repositories in DEFAULT mode.
educationSystem 2022-01-13 13:55:30.673 [,] [Test worker] DEBUG o.s.b.f.s.DefaultListableBeanFactory - Creating shared instance of singleton bean 'org.springframework.boot.autoconfigure.AutoConfigurationPackages'
educationSystem 2022-01-13 13:55:30.673 [,] [Test worker] DEBUG o.s.b.a.AutoConfigurationPackages - @EnableAutoConfiguration was declared on a class in the package 'by.akimova.educationSystem'. Automatic @Repository and @Entity scanning is enabled.
educationSystem 2022-01-13 13:55:30.675 [,] [Test worker] DEBUG o.s.d.r.c.RepositoryConfigurationDelegate - Scanning for JPA repositories in packages by.akimova.educationSystem.
educationSystem 2022-01-13 13:55:30.688 [,] [Test worker] DEBUG o.s.d.r.c.RepositoryComponentProvider - Identified candidate component class: file [C:\Users\505Dell\project\educationSystem\build\classes\java\main\by\akimova\educationSystem\repository\UserRepo.class]
educationSystem 2022-01-13 13:55:30.724 [,] [Test worker] DEBUG o.s.c.a.ClassPathScanningCandidateComponentProvider - Identified candidate component class: file [C:\Users\505Dell\project\educationSystem\build\classes\java\main\by\akimova\educationSystem\service\impl\UserServiceImpl.class]
educationSystem 2022-01-13 13:55:30.736 [,] [Test worker] INFO o.s.d.r.c.RepositoryConfigurationDelegate - Finished Spring Data repository scanning in 60 ms. Found 1 JPA repository interfaces.
educationSystem 2022-01-13 13:55:30.893 [,] [Test worker] DEBUG o.s.b.f.s.DefaultListableBeanFactory - Creating shared instance of singleton bean 'propertySourcesPlaceholderConfigurer'
educationSystem 2022-01-13 13:55:30.897 [,] [Test worker] DEBUG o.s.b.f.s.DefaultListableBeanFactory - Creating shared instance of singleton bean 'org.springframework.boot.test.mock.mockito.MockitoPostProcessor'
educationSystem 2022-01-13 13:55:30.902 [,] [Test worker] DEBUG o.s.b.f.s.DefaultListableBeanFactory - Creating shared instance of singleton bean 'emBeanDefinitionRegistrarPostProcessor'
educationSystem 2022-01-13 13:55:30.902 [,] [Test worker] DEBUG o.s.b.f.s.DefaultListableBeanFactory - Creating shared instance of singleton bean 'org.springframework.boot.sql.init.dependency.DatabaseInitializationDependencyConfigurer$DependsOnDatabaseInitializationPostProcessor'
educationSystem 2022-01-13 13:55:30.939 [,] [Test worker] DEBUG o.s.b.f.s.DefaultListableBeanFactory - Creating shared instance of singleton bean 'org.springframework.context.event.internalEventListenerProcessor'
educationSystem 2022-01-13 13:55:30.940 [,] [Test worker] DEBUG o.s.b.f.s.DefaultListableBeanFactory - Creating shared instance of singleton bean 'preserveErrorControllerTargetClassPostProcessor'
educationSystem 2022-01-13 13:55:30.941 [,] [Test worker] DEBUG o.s.b.f.s.DefaultListableBeanFactory - Creating shared instance of singleton bean 'org.springframework.context.event.internalEventListenerFactory'
educationSystem 2022-01-13 13:55:30.941 [,] [Test worker] DEBUG o.s.b.f.s.DefaultListableBeanFactory - Creating shared instance of singleton bean 'org.springframework.transaction.config.internalTransactionalEventListenerFactory'
educationSystem 2022-01-13 13:55:30.943 [,] [Test worker] DEBUG o.s.b.f.s.DefaultListableBeanFactory - Creating shared instance of singleton bean 'org.springframework.boot.test.mock.mockito.MockitoPostProcessor$SpyPostProcessor'
educationSystem 2022-01-13 13:55:30.944 [,] [Test worker] DEBUG o.s.b.f.s.DefaultListableBeanFactory - Creating shared instance of singleton bean 'org.springframework.context.annotation.internalAutowiredAnnotationProcessor'
educationSystem 2022-01-13 13:55:30.945 [,] [Test worker] DEBUG o.s.b.f.s.DefaultListableBeanFactory - Creating shared instance of singleton bean 'org.springframework.context.annotation.internalCommonAnnotationProcessor'
educationSystem 2022-01-13 13:55:30.948 [,] [Test worker] DEBUG o.s.b.f.s.DefaultListableBeanFactory - Creating shared instance of singleton bean 'org.springframework.context.annotation.internalPersistenceAnnotationProcessor'
educationSystem 2022-01-13 13:55:30.949 [,] [Test worker] DEBUG o.s.b.f.s.DefaultListableBeanFactory - Creating shared instance of singleton bean 'org.springframework.boot.context.properties.ConfigurationPropertiesBindingPostProcessor'
educationSystem 2022-01-13 13:55:30.949 [,] [Test worker] DEBUG o.s.b.f.s.DefaultListableBeanFactory - Creating shared instance of singleton bean 'org.springframework.boot.context.internalConfigurationPropertiesBinder'
educationSystem 2022-01-13 13:55:30.949 [,] [Test worker] DEBUG o.s.b.f.s.DefaultListableBeanFactory - Creating shared instance of singleton bean 'org.springframework.boot.context.internalConfigurationPropertiesBinderFactory'
educationSystem 2022-01-13 13:55:30.951 [,] [Test worker] DEBUG o.s.b.f.s.DefaultListableBeanFactory - Creating shared instance of singleton bean 'org.springframework.aop.config.internalAutoProxyCreator'
educationSystem 2022-01-13 13:55:30.973 [,] [Test worker] DEBUG o.s.b.f.s.DefaultListableBeanFactory - Creating shared instance of singleton bean 'persistenceExceptionTranslationPostProcessor'
educationSystem 2022-01-13 13:55:30.981 [,] [Test worker] DEBUG o.s.b.f.s.DefaultListableBeanFactory - Autowiring by type from bean name 'persistenceExceptionTranslationPostProcessor' via factory method to bean named 'environment'
educationSystem 2022-01-13 13:55:30.988 [,] [Test worker] DEBUG o.s.b.f.s.DefaultListableBeanFactory - Creating shared instance of singleton bean 'webServerFactoryCustomizerBeanPostProcessor'
educationSystem 2022-01-13 13:55:30.991 [,] [Test worker] DEBUG o.s.b.f.s.DefaultListableBeanFactory - Creating shared instance of singleton bean 'errorPageRegistrarBeanPostProcessor'
educationSystem 2022-01-13 13:55:30.995 [,] [Test worker] DEBUG o.s.b.f.s.DefaultListableBeanFactory - Creating shared instance of singleton bean 'projectingArgumentResolverBeanPostProcessor'
educationSystem 2022-01-13 13:55:30.996 [,] [Test worker] DEBUG o.s.b.f.s.DefaultListableBeanFactory - Creating shared instance of singleton bean 'org.springframework.transaction.config.internalTransactionAdvisor'
educationSystem 2022-01-13 13:55:30.997 [,] [Test worker] DEBUG o.s.b.f.s.DefaultListableBeanFactory - Creating shared instance of singleton bean 'org.springframework.transaction.annotation.ProxyTransactionManagementConfiguration'
educationSystem 2022-01-13 13:55:31.005 [,] [Test worker] DEBUG o.s.b.f.s.DefaultListableBeanFactory - Creating shared instance of singleton bean 'transactionAttributeSource'
educationSystem 2022-01-13 13:55:31.009 [,] [Test worker] DEBUG o.s.b.f.s.DefaultListableBeanFactory - Creating shared instance of singleton bean 'transactionInterceptor'
educationSystem 2022-01-13 13:55:31.009 [,] [Test worker] DEBUG o.s.b.f.s.DefaultListableBeanFactory - Autowiring by type from bean name 'transactionInterceptor' via factory method to bean named 'transactionAttributeSource'
educationSystem 2022-01-13 13:55:31.017 [,] [Test worker] DEBUG o.s.b.f.s.DefaultListableBeanFactory - Autowiring by type from bean name 'org.springframework.transaction.config.internalTransactionAdvisor' via factory method to bean named 'transactionAttributeSource'
educationSystem 2022-01-13 13:55:31.017 [,] [Test worker] DEBUG o.s.b.f.s.DefaultListableBeanFactory - Autowiring by type from bean name 'org.springframework.transaction.config.internalTransactionAdvisor' via factory method to bean named 'transactionInterceptor'
educationSystem 2022-01-13 13:55:31.042 [,] [Test worker] DEBUG o.s.u.c.s.UiApplicationContextUtils - Unable to locate ThemeSource with name 'themeSource': using default [org.springframework.ui.context.support.ResourceBundleThemeSource@60990e5c]
educationSystem 2022-01-13 13:55:31.043 [,] [Test worker] DEBUG o.s.b.f.s.DefaultListableBeanFactory - Creating shared instance of singleton bean 'liquibase'
educationSystem 2022-01-13 13:55:31.043 [,] [Test worker] DEBUG o.s.b.f.s.DefaultListableBeanFactory - Creating shared instance of singleton bean 'org.springframework.boot.autoconfigure.liquibase.LiquibaseAutoConfiguration$LiquibaseConfiguration'
educationSystem 2022-01-13 13:55:31.043 [,] [Test worker] DEBUG o.s.b.f.s.DefaultListableBeanFactory - Creating shared instance of singleton bean 'spring.liquibase-org.springframework.boot.autoconfigure.liquibase.LiquibaseProperties'
educationSystem 2022-01-13 13:55:31.046 [,] [Test worker] DEBUG o.s.b.f.s.DefaultListableBeanFactory - Creating shared instance of singleton bean 'org.springframework.boot.context.properties.BoundConfigurationProperties'
educationSystem 2022-01-13 13:55:31.066 [,] [Test worker] DEBUG o.s.b.f.s.DefaultListableBeanFactory - Autowiring by type from bean name 'org.springframework.boot.autoconfigure.liquibase.LiquibaseAutoConfiguration$LiquibaseConfiguration' via constructor to bean named 'spring.liquibase-org.springframework.boot.autoconfigure.liquibase.LiquibaseProperties'
educationSystem 2022-01-13 13:55:31.074 [,] [Test worker] DEBUG o.s.b.f.s.DefaultListableBeanFactory - Creating shared instance of singleton bean 'dataSource'
educationSystem 2022-01-13 13:55:31.075 [,] [Test worker] DEBUG o.s.b.f.s.DefaultListableBeanFactory - Creating shared instance of singleton bean 'org.springframework.boot.autoconfigure.jdbc.DataSourceConfiguration$Hikari'
educationSystem 2022-01-13 13:55:31.077 [,] [Test worker] DEBUG o.s.b.f.s.DefaultListableBeanFactory - Creating shared instance of singleton bean 'spring.datasource-org.springframework.boot.autoconfigure.jdbc.DataSourceProperties'
educationSystem 2022-01-13 13:55:31.095 [,] [Test worker] DEBUG o.s.b.f.s.DefaultListableBeanFactory - Autowiring by type from bean name 'dataSource' via factory method to bean named 'spring.datasource-org.springframework.boot.autoconfigure.jdbc.DataSourceProperties'
educationSystem 2022-01-13 13:55:31.098 [,] [Test worker] DEBUG com.zaxxer.hikari.HikariConfig - Driver class org.postgresql.Driver found in Thread context class loader jdk.internal.loader.ClassLoaders$AppClassLoader@2a139a55
educationSystem 2022-01-13 13:55:31.162 [,] [Test worker] DEBUG liquibase.configuration - No configuration value for liquibase.hub.apiKey found
educationSystem 2022-01-13 13:55:31.162 [,] [Test worker] DEBUG liquibase.configuration - No configuration value for liquibase.filterLogMessages found
educationSystem 2022-01-13 13:55:31.162 [,] [Test worker] DEBUG liquibase.servicelocator - Loaded liquibase.configuration.AutoloadedConfigurations instance liquibase.GlobalConfiguration
educationSystem 2022-01-13 13:55:31.166 [,] [Test worker] DEBUG liquibase.servicelocator - Loaded liquibase.configuration.AutoloadedConfigurations instance liquibase.integration.commandline.LiquibaseCommandLineConfiguration
educationSystem 2022-01-13 13:55:31.167 [,] [Test worker] DEBUG liquibase.servicelocator - Loaded liquibase.configuration.AutoloadedConfigurations instance liquibase.hub.HubConfiguration
educationSystem 2022-01-13 13:55:31.168 [,] [Test worker] DEBUG liquibase.servicelocator - Loaded liquibase.configuration.AutoloadedConfigurations instance liquibase.logging.core.DefaultLoggerConfiguration
educationSystem 2022-01-13 13:55:31.169 [,] [Test worker] DEBUG liquibase.servicelocator - Loaded liquibase.configuration.AutoloadedConfigurations instance liquibase.parser.ChangeLogParserConfiguration
educationSystem 2022-01-13 13:55:31.171 [,] [Test worker] DEBUG liquibase.servicelocator - Loaded liquibase.configuration.AutoloadedConfigurations instance com.datical.liquibase.ext.config.LiquibaseProConfiguration
educationSystem 2022-01-13 13:55:31.174 [,] [Test worker] DEBUG liquibase.servicelocator - Loaded liquibase.configuration.AutoloadedConfigurations instance com.datical.liquibase.ext.config.SqlplusConfiguration
educationSystem 2022-01-13 13:55:31.174 [,] [Test worker] DEBUG liquibase.configuration - Found ConfigurationDefinitions in liquibase.GlobalConfiguration
educationSystem 2022-01-13 13:55:31.174 [,] [Test worker] DEBUG liquibase.configuration - Found ConfigurationDefinitions in liquibase.integration.commandline.LiquibaseCommandLineConfiguration
educationSystem 2022-01-13 13:55:31.174 [,] [Test worker] DEBUG liquibase.configuration - Found ConfigurationDefinitions in liquibase.hub.HubConfiguration
educationSystem 2022-01-13 13:55:31.174 [,] [Test worker] DEBUG liquibase.configuration - Found ConfigurationDefinitions in liquibase.logging.core.DefaultLoggerConfiguration
educationSystem 2022-01-13 13:55:31.175 [,] [Test worker] DEBUG liquibase.configuration - Found ConfigurationDefinitions in liquibase.parser.ChangeLogParserConfiguration
educationSystem 2022-01-13 13:55:31.175 [,] [Test worker] DEBUG liquibase.configuration - Found ConfigurationDefinitions in com.datical.liquibase.ext.config.LiquibaseProConfiguration
educationSystem 2022-01-13 13:55:31.175 [,] [Test worker] DEBUG liquibase.configuration - Found ConfigurationDefinitions in com.datical.liquibase.ext.config.SqlplusConfiguration
educationSystem 2022-01-13 13:55:31.177 [,] [Test worker] DEBUG liquibase.servicelocator - Loaded liquibase.configuration.ConfigurationValueProvider instance liquibase.configuration.core.DeprecatedConfigurationValueProvider
educationSystem 2022-01-13 13:55:31.178 [,] [Test worker] DEBUG liquibase.servicelocator - Loaded liquibase.configuration.ConfigurationValueProvider instance liquibase.configuration.core.SystemPropertyValueProvider
educationSystem 2022-01-13 13:55:31.179 [,] [Test worker] DEBUG liquibase.servicelocator - Loaded liquibase.configuration.ConfigurationValueProvider instance liquibase.configuration.core.ScopeValueProvider
educationSystem 2022-01-13 13:55:31.180 [,] [Test worker] DEBUG liquibase.servicelocator - Loaded liquibase.configuration.ConfigurationValueProvider instance liquibase.configuration.pro.EnvironmentValueProvider
educationSystem 2022-01-13 13:55:31.309 [,] [Test worker] DEBUG liquibase.servicelocator - Loaded liquibase.license.LicenseService instance liquibase.license.pro.DaticalTrueLicenseService
educationSystem 2022-01-13 13:55:31.310 [,] [Test worker] DEBUG liquibase.configuration - No configuration value for liquibase.pro.licenseKey found
educationSystem 2022-01-13 13:55:31.311 [,] [Test worker] DEBUG liquibase.servicelocator - Loaded liquibase.logging.LogService instance liquibase.logging.core.BufferedLogService
educationSystem 2022-01-13 13:55:31.312 [,] [Test worker] DEBUG liquibase.servicelocator - Loaded liquibase.logging.LogService instance liquibase.logging.core.CompositeLogService
educationSystem 2022-01-13 13:55:31.312 [,] [Test worker] DEBUG liquibase.servicelocator - Loaded liquibase.logging.LogService instance liquibase.logging.core.JavaLogService
educationSystem 2022-01-13 13:55:31.314 [,] [Test worker] DEBUG liquibase.servicelocator - Loaded liquibase.servicelocator.ServiceLocator instance liquibase.servicelocator.StandardServiceLocator
educationSystem 2022-01-13 13:55:31.325 [,] [Test worker] DEBUG liquibase.configuration - No configuration value for liquibase.shouldRun aka should.run found
educationSystem 2022-01-13 13:55:31.325 [,] [Test worker] DEBUG liquibase.configuration - Configuration liquibase.shouldRun is using the default value of true
educationSystem 2022-01-13 13:55:31.326 [,] [Test worker] DEBUG com.zaxxer.hikari.HikariConfig - HikariPool-1 - configuration:
educationSystem 2022-01-13 13:55:31.329 [,] [Test worker] DEBUG com.zaxxer.hikari.HikariConfig - allowPoolSuspension................................false
educationSystem 2022-01-13 13:55:31.329 [,] [Test worker] DEBUG com.zaxxer.hikari.HikariConfig - autoCommit................................true
educationSystem 2022-01-13 13:55:31.329 [,] [Test worker] DEBUG com.zaxxer.hikari.HikariConfig - catalog................................none
educationSystem 2022-01-13 13:55:31.330 [,] [Test worker] DEBUG com.zaxxer.hikari.HikariConfig - connectionInitSql................................none
educationSystem 2022-01-13 13:55:31.330 [,] [Test worker] DEBUG com.zaxxer.hikari.HikariConfig - connectionTestQuery................................none
educationSystem 2022-01-13 13:55:31.330 [,] [Test worker] DEBUG com.zaxxer.hikari.HikariConfig - connectionTimeout................................30000
educationSystem 2022-01-13 13:55:31.330 [,] [Test worker] DEBUG com.zaxxer.hikari.HikariConfig - dataSource................................none
educationSystem 2022-01-13 13:55:31.330 [,] [Test worker] DEBUG com.zaxxer.hikari.HikariConfig - dataSourceClassName................................none
educationSystem 2022-01-13 13:55:31.330 [,] [Test worker] DEBUG com.zaxxer.hikari.HikariConfig - dataSourceJNDI................................none
educationSystem 2022-01-13 13:55:31.331 [,] [Test worker] DEBUG com.zaxxer.hikari.HikariConfig - dataSourceProperties................................{password=<masked>}
educationSystem 2022-01-13 13:55:31.331 [,] [Test worker] DEBUG com.zaxxer.hikari.HikariConfig - driverClassName................................"org.postgresql.Driver"
educationSystem 2022-01-13 13:55:31.331 [,] [Test worker] DEBUG com.zaxxer.hikari.HikariConfig - exceptionOverrideClassName................................none
educationSystem 2022-01-13 13:55:31.331 [,] [Test worker] DEBUG com.zaxxer.hikari.HikariConfig - healthCheckProperties................................{}
educationSystem 2022-01-13 13:55:31.331 [,] [Test worker] DEBUG com.zaxxer.hikari.HikariConfig - healthCheckRegistry................................none
educationSystem 2022-01-13 13:55:31.331 [,] [Test worker] DEBUG com.zaxxer.hikari.HikariConfig - idleTimeout................................600000
educationSystem 2022-01-13 13:55:31.331 [,] [Test worker] DEBUG com.zaxxer.hikari.HikariConfig - initializationFailTimeout................................1
educationSystem 2022-01-13 13:55:31.332 [,] [Test worker] DEBUG com.zaxxer.hikari.HikariConfig - isolateInternalQueries................................false
educationSystem 2022-01-13 13:55:31.332 [,] [Test worker] DEBUG com.zaxxer.hikari.HikariConfig - jdbcUrl................................jdbc:postgresql://localhost:5432/educationsystem
educationSystem 2022-01-13 13:55:31.332 [,] [Test worker] DEBUG com.zaxxer.hikari.HikariConfig - keepaliveTime................................0
educationSystem 2022-01-13 13:55:31.332 [,] [Test worker] DEBUG com.zaxxer.hikari.HikariConfig - leakDetectionThreshold................................0
educationSystem 2022-01-13 13:55:31.332 [,] [Test worker] DEBUG com.zaxxer.hikari.HikariConfig - maxLifetime................................1800000
educationSystem 2022-01-13 13:55:31.332 [,] [Test worker] DEBUG com.zaxxer.hikari.HikariConfig - maximumPoolSize................................10
educationSystem 2022-01-13 13:55:31.332 [,] [Test worker] DEBUG com.zaxxer.hikari.HikariConfig - metricRegistry................................none
educationSystem 2022-01-13 13:55:31.333 [,] [Test worker] DEBUG com.zaxxer.hikari.HikariConfig - metricsTrackerFactory................................none
educationSystem 2022-01-13 13:55:31.333 [,] [Test worker] DEBUG com.zaxxer.hikari.HikariConfig - minimumIdle................................10
educationSystem 2022-01-13 13:55:31.333 [,] [Test worker] DEBUG com.zaxxer.hikari.HikariConfig - password................................<masked>
educationSystem 2022-01-13 13:55:31.333 [,] [Test worker] DEBUG com.zaxxer.hikari.HikariConfig - poolName................................"HikariPool-1"
educationSystem 2022-01-13 13:55:31.333 [,] [Test worker] DEBUG com.zaxxer.hikari.HikariConfig - readOnly................................false
educationSystem 2022-01-13 13:55:31.334 [,] [Test worker] DEBUG com.zaxxer.hikari.HikariConfig - registerMbeans................................false
educationSystem 2022-01-13 13:55:31.334 [,] [Test worker] DEBUG com.zaxxer.hikari.HikariConfig - scheduledExecutor................................none
educationSystem 2022-01-13 13:55:31.334 [,] [Test worker] DEBUG com.zaxxer.hikari.HikariConfig - schema................................none
educationSystem 2022-01-13 13:55:31.334 [,] [Test worker] DEBUG com.zaxxer.hikari.HikariConfig - threadFactory................................internal
educationSystem 2022-01-13 13:55:31.334 [,] [Test worker] DEBUG com.zaxxer.hikari.HikariConfig - transactionIsolation................................default
educationSystem 2022-01-13 13:55:31.335 [,] [Test worker] DEBUG com.zaxxer.hikari.HikariConfig - username................................"root"
educationSystem 2022-01-13 13:55:31.335 [,] [Test worker] DEBUG com.zaxxer.hikari.HikariConfig - validationTimeout................................5000
educationSystem 2022-01-13 13:55:31.335 [,] [Test worker] INFO com.zaxxer.hikari.HikariDataSource - HikariPool-1 - Starting...
educationSystem 2022-01-13 13:55:31.346 [,] [Test worker] DEBUG org.postgresql.Driver - Loading driver configuration via classloader jdk.internal.loader.ClassLoaders$AppClassLoader@2a139a55
educationSystem 2022-01-13 13:55:31.346 [,] [Test worker] DEBUG org.postgresql.Driver - Connecting with URL: jdbc:postgresql://localhost:5432/educationsystem
educationSystem 2022-01-13 13:55:31.353 [,] [Test worker] DEBUG org.postgresql.jdbc.PgConnection - PostgreSQL JDBC Driver 42.3.1
educationSystem 2022-01-13 13:55:31.354 [,] [Test worker] DEBUG org.postgresql.jdbc.PgConnection -   setDefaultFetchSize = 0
educationSystem 2022-01-13 13:55:31.354 [,] [Test worker] DEBUG org.postgresql.jdbc.PgConnection -   setPrepareThreshold = 5
educationSystem 2022-01-13 13:55:31.360 [,] [Test worker] DEBUG o.p.core.v3.ConnectionFactoryImpl - Trying to establish a protocol version 3 connection to localhost:5432
educationSystem 2022-01-13 13:55:31.369 [,] [Test worker] DEBUG o.p.core.v3.ConnectionFactoryImpl - Receive Buffer Size is 65 536
educationSystem 2022-01-13 13:55:31.370 [,] [Test worker] DEBUG o.p.core.v3.ConnectionFactoryImpl - Send Buffer Size is 65 536
educationSystem 2022-01-13 13:55:31.490 [,] [Test worker] DEBUG com.zaxxer.hikari.pool.HikariPool - HikariPool-1 - Added connection org.postgresql.jdbc.PgConnection@6db328f8
educationSystem 2022-01-13 13:55:31.492 [,] [Test worker] INFO com.zaxxer.hikari.HikariDataSource - HikariPool-1 - Start completed.
educationSystem 2022-01-13 13:55:31.514 [,] [Test worker] DEBUG liquibase.servicelocator - Loaded liquibase.database.Database instance liquibase.database.core.CockroachDatabase
educationSystem 2022-01-13 13:55:31.516 [,] [Test worker] DEBUG liquibase.servicelocator - Loaded liquibase.database.Database instance liquibase.database.core.DB2Database
educationSystem 2022-01-13 13:55:31.516 [,] [Test worker] DEBUG liquibase.servicelocator - Loaded liquibase.database.Database instance liquibase.database.core.Db2zDatabase
educationSystem 2022-01-13 13:55:31.518 [,] [Test worker] DEBUG liquibase.servicelocator - Loaded liquibase.database.Database instance liquibase.database.core.DerbyDatabase
educationSystem 2022-01-13 13:55:31.520 [,] [Test worker] DEBUG liquibase.servicelocator - Loaded liquibase.database.Database instance liquibase.database.core.Firebird3Database
educationSystem 2022-01-13 13:55:31.520 [,] [Test worker] DEBUG liquibase.servicelocator - Loaded liquibase.database.Database instance liquibase.database.core.FirebirdDatabase
educationSystem 2022-01-13 13:55:31.522 [,] [Test worker] DEBUG liquibase.servicelocator - Loaded liquibase.database.Database instance liquibase.database.core.H2Database
educationSystem 2022-01-13 13:55:31.524 [,] [Test worker] DEBUG liquibase.servicelocator - Loaded liquibase.database.Database instance liquibase.database.core.HsqlDatabase
educationSystem 2022-01-13 13:55:31.526 [,] [Test worker] DEBUG liquibase.servicelocator - Loaded liquibase.database.Database instance liquibase.database.core.InformixDatabase
educationSystem 2022-01-13 13:55:31.528 [,] [Test worker] DEBUG liquibase.servicelocator - Loaded liquibase.database.Database instance liquibase.database.core.Ingres9Database
educationSystem 2022-01-13 13:55:31.530 [,] [Test worker] DEBUG liquibase.servicelocator - Loaded liquibase.database.Database instance liquibase.database.core.MSSQLDatabase
educationSystem 2022-01-13 13:55:31.533 [,] [Test worker] DEBUG liquibase.servicelocator - Loaded liquibase.database.Database instance liquibase.database.core.MariaDBDatabase
educationSystem 2022-01-13 13:55:31.535 [,] [Test worker] DEBUG liquibase.servicelocator - Loaded liquibase.database.Database instance liquibase.database.core.MockDatabase
educationSystem 2022-01-13 13:55:31.536 [,] [Test worker] DEBUG liquibase.servicelocator - Loaded liquibase.database.Database instance liquibase.database.core.MySQLDatabase
educationSystem 2022-01-13 13:55:31.538 [,] [Test worker] DEBUG liquibase.servicelocator - Loaded liquibase.database.Database instance liquibase.database.core.OracleDatabase
educationSystem 2022-01-13 13:55:31.538 [,] [Test worker] DEBUG liquibase.servicelocator - Loaded liquibase.database.Database instance liquibase.database.core.PostgresDatabase
educationSystem 2022-01-13 13:55:31.541 [,] [Test worker] DEBUG liquibase.servicelocator - Loaded liquibase.database.Database instance liquibase.database.core.SQLiteDatabase
educationSystem 2022-01-13 13:55:31.542 [,] [Test worker] DEBUG liquibase.servicelocator - Loaded liquibase.database.Database instance liquibase.database.core.SybaseASADatabase
educationSystem 2022-01-13 13:55:31.543 [,] [Test worker] DEBUG liquibase.servicelocator - Loaded liquibase.database.Database instance liquibase.database.core.SybaseDatabase
educationSystem 2022-01-13 13:55:31.543 [,] [Test worker] DEBUG liquibase.servicelocator - Loaded liquibase.database.Database instance liquibase.database.core.UnsupportedDatabase
educationSystem 2022-01-13 13:55:31.555 [,] [Test worker] DEBUG liquibase.database - Connected to root@jdbc:postgresql://localhost:5432/educationsystem
educationSystem 2022-01-13 13:55:31.555 [,] [Test worker] DEBUG liquibase.database - Setting auto commit to false from true
educationSystem 2022-01-13 13:55:31.555 [,] [Test worker] DEBUG org.postgresql.jdbc.PgConnection -   setAutoCommit = false
educationSystem 2022-01-13 13:55:31.567 [,] [Test worker] DEBUG liquibase.servicelocator - Loaded liquibase.executor.Executor instance liquibase.executor.jvm.JdbcExecutor
educationSystem 2022-01-13 13:55:31.568 [,] [Test worker] DEBUG liquibase.servicelocator - Loaded liquibase.executor.Executor instance com.datical.liquibase.ext.OracleSqlPlusExecutor
educationSystem 2022-01-13 13:55:31.571 [,] [Test worker] DEBUG liquibase.servicelocator - Loaded liquibase.sqlgenerator.SqlGenerator instance liquibase.sqlgenerator.core.AddAutoIncrementGenerator
educationSystem 2022-01-13 13:55:31.572 [,] [Test worker] DEBUG liquibase.servicelocator - Loaded liquibase.sqlgenerator.SqlGenerator instance liquibase.sqlgenerator.core.AddAutoIncrementGeneratorDB2
educationSystem 2022-01-13 13:55:31.572 [,] [Test worker] DEBUG liquibase.servicelocator - Loaded liquibase.sqlgenerator.SqlGenerator instance liquibase.sqlgenerator.core.AddAutoIncrementGeneratorHsqlH2
educationSystem 2022-01-13 13:55:31.573 [,] [Test worker] DEBUG liquibase.servicelocator - Loaded liquibase.sqlgenerator.SqlGenerator instance liquibase.sqlgenerator.core.AddAutoIncrementGeneratorInformix
educationSystem 2022-01-13 13:55:31.573 [,] [Test worker] DEBUG liquibase.servicelocator - Loaded liquibase.sqlgenerator.SqlGenerator instance liquibase.sqlgenerator.core.AddAutoIncrementGeneratorMySQL
educationSystem 2022-01-13 13:55:31.574 [,] [Test worker] DEBUG liquibase.servicelocator - Loaded liquibase.sqlgenerator.SqlGenerator instance liquibase.sqlgenerator.core.AddAutoIncrementGeneratorSQLite
educationSystem 2022-01-13 13:55:31.574 [,] [Test worker] DEBUG liquibase.servicelocator - Loaded liquibase.sqlgenerator.SqlGenerator instance liquibase.sqlgenerator.core.AddColumnGenerator
educationSystem 2022-01-13 13:55:31.575 [,] [Test worker] DEBUG liquibase.servicelocator - Loaded liquibase.sqlgenerator.SqlGenerator instance liquibase.sqlgenerator.core.AddColumnGeneratorDefaultClauseBeforeNotNull
educationSystem 2022-01-13 13:55:31.575 [,] [Test worker] DEBUG liquibase.servicelocator - Loaded liquibase.sqlgenerator.SqlGenerator instance liquibase.sqlgenerator.core.AddColumnGeneratorSQLite
educationSystem 2022-01-13 13:55:31.576 [,] [Test worker] DEBUG liquibase.servicelocator - Loaded liquibase.sqlgenerator.SqlGenerator instance liquibase.sqlgenerator.core.AddDefaultValueGenerator
educationSystem 2022-01-13 13:55:31.576 [,] [Test worker] DEBUG liquibase.servicelocator - Loaded liquibase.sqlgenerator.SqlGenerator instance liquibase.sqlgenerator.core.AddDefaultValueGeneratorDerby
educationSystem 2022-01-13 13:55:31.577 [,] [Test worker] DEBUG liquibase.servicelocator - Loaded liquibase.sqlgenerator.SqlGenerator instance liquibase.sqlgenerator.core.AddDefaultValueGeneratorInformix
educationSystem 2022-01-13 13:55:31.577 [,] [Test worker] DEBUG liquibase.servicelocator - Loaded liquibase.sqlgenerator.SqlGenerator instance liquibase.sqlgenerator.core.AddDefaultValueGeneratorMSSQL
educationSystem 2022-01-13 13:55:31.577 [,] [Test worker] DEBUG liquibase.servicelocator - Loaded liquibase.sqlgenerator.SqlGenerator instance liquibase.sqlgenerator.core.AddDefaultValueGeneratorMySQL
educationSystem 2022-01-13 13:55:31.578 [,] [Test worker] DEBUG liquibase.servicelocator - Loaded liquibase.sqlgenerator.SqlGenerator instance liquibase.sqlgenerator.core.AddDefaultValueGeneratorOracle
educationSystem 2022-01-13 13:55:31.578 [,] [Test worker] DEBUG liquibase.servicelocator - Loaded liquibase.sqlgenerator.SqlGenerator instance liquibase.sqlgenerator.core.AddDefaultValueGeneratorPostgres
educationSystem 2022-01-13 13:55:31.578 [,] [Test worker] DEBUG liquibase.servicelocator - Loaded liquibase.sqlgenerator.SqlGenerator instance liquibase.sqlgenerator.core.AddDefaultValueGeneratorSQLite
educationSystem 2022-01-13 13:55:31.579 [,] [Test worker] DEBUG liquibase.servicelocator - Loaded liquibase.sqlgenerator.SqlGenerator instance liquibase.sqlgenerator.core.AddDefaultValueGeneratorSybase
educationSystem 2022-01-13 13:55:31.579 [,] [Test worker] DEBUG liquibase.servicelocator - Loaded liquibase.sqlgenerator.SqlGenerator instance liquibase.sqlgenerator.core.AddDefaultValueGeneratorSybaseASA
educationSystem 2022-01-13 13:55:31.580 [,] [Test worker] DEBUG liquibase.servicelocator - Loaded liquibase.sqlgenerator.SqlGenerator instance liquibase.sqlgenerator.core.AddForeignKeyConstraintGenerator
educationSystem 2022-01-13 13:55:31.580 [,] [Test worker] DEBUG liquibase.servicelocator - Loaded liquibase.sqlgenerator.SqlGenerator instance liquibase.sqlgenerator.core.AddPrimaryKeyGenerator
educationSystem 2022-01-13 13:55:31.581 [,] [Test worker] DEBUG liquibase.servicelocator - Loaded liquibase.sqlgenerator.SqlGenerator instance liquibase.sqlgenerator.core.AddPrimaryKeyGeneratorInformix
educationSystem 2022-01-13 13:55:31.582 [,] [Test worker] DEBUG liquibase.servicelocator - Loaded liquibase.sqlgenerator.SqlGenerator instance liquibase.sqlgenerator.core.AddUniqueConstraintGenerator
educationSystem 2022-01-13 13:55:31.582 [,] [Test worker] DEBUG liquibase.servicelocator - Loaded liquibase.sqlgenerator.SqlGenerator instance liquibase.sqlgenerator.core.AddUniqueConstraintGeneratorInformix
educationSystem 2022-01-13 13:55:31.582 [,] [Test worker] DEBUG liquibase.servicelocator - Loaded liquibase.sqlgenerator.SqlGenerator instance liquibase.sqlgenerator.core.AddUniqueConstraintGeneratorTDS
educationSystem 2022-01-13 13:55:31.583 [,] [Test worker] DEBUG liquibase.servicelocator - Loaded liquibase.sqlgenerator.SqlGenerator instance liquibase.sqlgenerator.core.AlterSequenceGenerator
educationSystem 2022-01-13 13:55:31.584 [,] [Test worker] DEBUG liquibase.servicelocator - Loaded liquibase.sqlgenerator.SqlGenerator instance liquibase.sqlgenerator.core.BatchDmlExecutablePreparedStatementGenerator
educationSystem 2022-01-13 13:55:31.584 [,] [Test worker] DEBUG liquibase.servicelocator - Loaded liquibase.sqlgenerator.SqlGenerator instance liquibase.sqlgenerator.core.ClearDatabaseChangeLogTableGenerator
educationSystem 2022-01-13 13:55:31.585 [,] [Test worker] DEBUG liquibase.servicelocator - Loaded liquibase.sqlgenerator.SqlGenerator instance liquibase.sqlgenerator.core.CommentGenerator
educationSystem 2022-01-13 13:55:31.585 [,] [Test worker] DEBUG liquibase.servicelocator - Loaded liquibase.sqlgenerator.SqlGenerator instance liquibase.sqlgenerator.core.CopyRowsGenerator
educationSystem 2022-01-13 13:55:31.586 [,] [Test worker] DEBUG liquibase.servicelocator - Loaded liquibase.sqlgenerator.SqlGenerator instance liquibase.sqlgenerator.core.CreateDatabaseChangeLogLockTableGenerator
educationSystem 2022-01-13 13:55:31.586 [,] [Test worker] DEBUG liquibase.servicelocator - Loaded liquibase.sqlgenerator.SqlGenerator instance liquibase.sqlgenerator.core.CreateDatabaseChangeLogTableGenerator
educationSystem 2022-01-13 13:55:31.587 [,] [Test worker] DEBUG liquibase.servicelocator - Loaded liquibase.sqlgenerator.SqlGenerator instance liquibase.sqlgenerator.core.CreateDatabaseChangeLogTableGeneratorSybase
educationSystem 2022-01-13 13:55:31.587 [,] [Test worker] DEBUG liquibase.servicelocator - Loaded liquibase.sqlgenerator.SqlGenerator instance liquibase.sqlgenerator.core.CreateIndexGenerator
educationSystem 2022-01-13 13:55:31.589 [,] [Test worker] DEBUG liquibase.servicelocator - Loaded liquibase.sqlgenerator.SqlGenerator instance liquibase.sqlgenerator.core.CreateIndexGeneratorFirebird
educationSystem 2022-01-13 13:55:31.589 [,] [Test worker] DEBUG liquibase.servicelocator - Loaded liquibase.sqlgenerator.SqlGenerator instance liquibase.sqlgenerator.core.CreateIndexGeneratorPostgres
educationSystem 2022-01-13 13:55:31.590 [,] [Test worker] DEBUG liquibase.servicelocator - Loaded liquibase.sqlgenerator.SqlGenerator instance liquibase.sqlgenerator.core.CreateProcedureGenerator
educationSystem 2022-01-13 13:55:31.590 [,] [Test worker] DEBUG liquibase.servicelocator - Loaded liquibase.sqlgenerator.SqlGenerator instance liquibase.sqlgenerator.core.CreateSequenceGenerator
educationSystem 2022-01-13 13:55:31.591 [,] [Test worker] DEBUG liquibase.servicelocator - Loaded liquibase.sqlgenerator.SqlGenerator instance liquibase.sqlgenerator.core.CreateTableGenerator
educationSystem 2022-01-13 13:55:31.592 [,] [Test worker] DEBUG liquibase.servicelocator - Loaded liquibase.sqlgenerator.SqlGenerator instance liquibase.sqlgenerator.core.CreateTableGeneratorInformix
educationSystem 2022-01-13 13:55:31.592 [,] [Test worker] DEBUG liquibase.servicelocator - Loaded liquibase.sqlgenerator.SqlGenerator instance liquibase.sqlgenerator.core.CreateViewGenerator
educationSystem 2022-01-13 13:55:31.592 [,] [Test worker] DEBUG liquibase.servicelocator - Loaded liquibase.sqlgenerator.SqlGenerator instance liquibase.sqlgenerator.core.CreateViewGeneratorInformix
educationSystem 2022-01-13 13:55:31.593 [,] [Test worker] DEBUG liquibase.servicelocator - Loaded liquibase.sqlgenerator.SqlGenerator instance liquibase.sqlgenerator.core.DeleteGenerator
educationSystem 2022-01-13 13:55:31.593 [,] [Test worker] DEBUG liquibase.servicelocator - Loaded liquibase.sqlgenerator.SqlGenerator instance liquibase.sqlgenerator.core.DropColumnGenerator
educationSystem 2022-01-13 13:55:31.594 [,] [Test worker] DEBUG liquibase.servicelocator - Loaded liquibase.sqlgenerator.SqlGenerator instance liquibase.sqlgenerator.core.DropDefaultValueGenerator
educationSystem 2022-01-13 13:55:31.594 [,] [Test worker] DEBUG liquibase.servicelocator - Loaded liquibase.sqlgenerator.SqlGenerator instance liquibase.sqlgenerator.core.DropForeignKeyConstraintGenerator
educationSystem 2022-01-13 13:55:31.595 [,] [Test worker] DEBUG liquibase.servicelocator - Loaded liquibase.sqlgenerator.SqlGenerator instance liquibase.sqlgenerator.core.DropIndexGenerator
educationSystem 2022-01-13 13:55:31.595 [,] [Test worker] DEBUG liquibase.servicelocator - Loaded liquibase.sqlgenerator.SqlGenerator instance liquibase.sqlgenerator.core.DropPrimaryKeyGenerator
educationSystem 2022-01-13 13:55:31.596 [,] [Test worker] DEBUG liquibase.servicelocator - Loaded liquibase.sqlgenerator.SqlGenerator instance liquibase.sqlgenerator.core.DropProcedureGenerator
educationSystem 2022-01-13 13:55:31.596 [,] [Test worker] DEBUG liquibase.servicelocator - Loaded liquibase.sqlgenerator.SqlGenerator instance liquibase.sqlgenerator.core.DropSequenceGenerator
educationSystem 2022-01-13 13:55:31.596 [,] [Test worker] DEBUG liquibase.servicelocator - Loaded liquibase.sqlgenerator.SqlGenerator instance liquibase.sqlgenerator.core.DropTableGenerator
educationSystem 2022-01-13 13:55:31.597 [,] [Test worker] DEBUG liquibase.servicelocator - Loaded liquibase.sqlgenerator.SqlGenerator instance liquibase.sqlgenerator.core.DropUniqueConstraintGenerator
educationSystem 2022-01-13 13:55:31.597 [,] [Test worker] DEBUG liquibase.servicelocator - Loaded liquibase.sqlgenerator.SqlGenerator instance liquibase.sqlgenerator.core.DropViewGenerator
educationSystem 2022-01-13 13:55:31.597 [,] [Test worker] DEBUG liquibase.servicelocator - Loaded liquibase.sqlgenerator.SqlGenerator instance liquibase.sqlgenerator.core.GetNextChangeSetSequenceValueGenerator
educationSystem 2022-01-13 13:55:31.597 [,] [Test worker] DEBUG liquibase.servicelocator - Loaded liquibase.sqlgenerator.SqlGenerator instance liquibase.sqlgenerator.core.GetViewDefinitionGenerator
educationSystem 2022-01-13 13:55:31.599 [,] [Test worker] DEBUG liquibase.servicelocator - Loaded liquibase.sqlgenerator.SqlGenerator instance liquibase.sqlgenerator.core.GetViewDefinitionGeneratorDB2
educationSystem 2022-01-13 13:55:31.599 [,] [HikariPool-1 housekeeper] DEBUG com.zaxxer.hikari.pool.HikariPool - HikariPool-1 - Pool stats (total=1, active=1, idle=0, waiting=0)
educationSystem 2022-01-13 13:55:31.599 [,] [HikariPool-1 connection adder] DEBUG org.postgresql.Driver - Connecting with URL: jdbc:postgresql://localhost:5432/educationsystem
educationSystem 2022-01-13 13:55:31.599 [,] [Test worker] DEBUG liquibase.servicelocator - Loaded liquibase.sqlgenerator.SqlGenerator instance liquibase.sqlgenerator.core.GetViewDefinitionGeneratorDerby
educationSystem 2022-01-13 13:55:31.599 [,] [HikariPool-1 connection adder] DEBUG org.postgresql.jdbc.PgConnection - PostgreSQL JDBC Driver 42.3.1
educationSystem 2022-01-13 13:55:31.599 [,] [HikariPool-1 connection adder] DEBUG org.postgresql.jdbc.PgConnection -   setDefaultFetchSize = 0
educationSystem 2022-01-13 13:55:31.599 [,] [HikariPool-1 connection adder] DEBUG org.postgresql.jdbc.PgConnection -   setPrepareThreshold = 5
educationSystem 2022-01-13 13:55:31.599 [,] [HikariPool-1 connection adder] DEBUG o.p.core.v3.ConnectionFactoryImpl - Trying to establish a protocol version 3 connection to localhost:5432
educationSystem 2022-01-13 13:55:31.599 [,] [Test worker] DEBUG liquibase.servicelocator - Loaded liquibase.sqlgenerator.SqlGenerator instance liquibase.sqlgenerator.core.GetViewDefinitionGeneratorFirebird
educationSystem 2022-01-13 13:55:31.600 [,] [Test worker] DEBUG liquibase.servicelocator - Loaded liquibase.sqlgenerator.SqlGenerator instance liquibase.sqlgenerator.core.GetViewDefinitionGeneratorHsql
educationSystem 2022-01-13 13:55:31.600 [,] [HikariPool-1 connection adder] DEBUG o.p.core.v3.ConnectionFactoryImpl - Receive Buffer Size is 65 536
educationSystem 2022-01-13 13:55:31.600 [,] [HikariPool-1 connection adder] DEBUG o.p.core.v3.ConnectionFactoryImpl - Send Buffer Size is 65 536
educationSystem 2022-01-13 13:55:31.601 [,] [Test worker] DEBUG liquibase.servicelocator - Loaded liquibase.sqlgenerator.SqlGenerator instance liquibase.sqlgenerator.core.GetViewDefinitionGeneratorInformix
educationSystem 2022-01-13 13:55:31.602 [,] [Test worker] DEBUG liquibase.servicelocator - Loaded liquibase.sqlgenerator.SqlGenerator instance liquibase.sqlgenerator.core.GetViewDefinitionGeneratorMSSQL
educationSystem 2022-01-13 13:55:31.603 [,] [Test worker] DEBUG liquibase.servicelocator - Loaded liquibase.sqlgenerator.SqlGenerator instance liquibase.sqlgenerator.core.GetViewDefinitionGeneratorOracle
educationSystem 2022-01-13 13:55:31.604 [,] [Test worker] DEBUG liquibase.servicelocator - Loaded liquibase.sqlgenerator.SqlGenerator instance liquibase.sqlgenerator.core.GetViewDefinitionGeneratorPostgres
educationSystem 2022-01-13 13:55:31.604 [,] [Test worker] DEBUG liquibase.servicelocator - Loaded liquibase.sqlgenerator.SqlGenerator instance liquibase.sqlgenerator.core.GetViewDefinitionGeneratorSybase
educationSystem 2022-01-13 13:55:31.605 [,] [Test worker] DEBUG liquibase.servicelocator - Loaded liquibase.sqlgenerator.SqlGenerator instance liquibase.sqlgenerator.core.GetViewDefinitionGeneratorSybaseASA
educationSystem 2022-01-13 13:55:31.606 [,] [Test worker] DEBUG liquibase.servicelocator - Loaded liquibase.sqlgenerator.SqlGenerator instance liquibase.sqlgenerator.core.InitializeDatabaseChangeLogLockTableGenerator
educationSystem 2022-01-13 13:55:31.607 [,] [Test worker] DEBUG liquibase.servicelocator - Loaded liquibase.sqlgenerator.SqlGenerator instance liquibase.sqlgenerator.core.InsertDataChangeGenerator
educationSystem 2022-01-13 13:55:31.608 [,] [Test worker] DEBUG liquibase.servicelocator - Loaded liquibase.sqlgenerator.SqlGenerator instance liquibase.sqlgenerator.core.InsertGenerator
educationSystem 2022-01-13 13:55:31.610 [,] [Test worker] DEBUG liquibase.servicelocator - Loaded liquibase.sqlgenerator.SqlGenerator instance liquibase.sqlgenerator.core.InsertOrUpdateGeneratorDB2
educationSystem 2022-01-13 13:55:31.611 [,] [Test worker] DEBUG liquibase.servicelocator - Loaded liquibase.sqlgenerator.SqlGenerator instance liquibase.sqlgenerator.core.InsertOrUpdateGeneratorH2
educationSystem 2022-01-13 13:55:31.612 [,] [Test worker] DEBUG liquibase.servicelocator - Loaded liquibase.sqlgenerator.SqlGenerator instance liquibase.sqlgenerator.core.InsertOrUpdateGeneratorHsql
educationSystem 2022-01-13 13:55:31.614 [,] [Test worker] DEBUG liquibase.servicelocator - Loaded liquibase.sqlgenerator.SqlGenerator instance liquibase.sqlgenerator.core.InsertOrUpdateGeneratorInformix
educationSystem 2022-01-13 13:55:31.616 [,] [Test worker] DEBUG liquibase.servicelocator - Loaded liquibase.sqlgenerator.SqlGenerator instance liquibase.sqlgenerator.core.InsertOrUpdateGeneratorMSSQL
educationSystem 2022-01-13 13:55:31.618 [,] [Test worker] DEBUG liquibase.servicelocator - Loaded liquibase.sqlgenerator.SqlGenerator instance liquibase.sqlgenerator.core.InsertOrUpdateGeneratorMySQL
educationSystem 2022-01-13 13:55:31.620 [,] [Test worker] DEBUG liquibase.servicelocator - Loaded liquibase.sqlgenerator.SqlGenerator instance liquibase.sqlgenerator.core.InsertOrUpdateGeneratorOracle
educationSystem 2022-01-13 13:55:31.621 [,] [Test worker] DEBUG liquibase.servicelocator - Loaded liquibase.sqlgenerator.SqlGenerator instance liquibase.sqlgenerator.core.InsertOrUpdateGeneratorPostgres
educationSystem 2022-01-13 13:55:31.624 [,] [Test worker] DEBUG liquibase.servicelocator - Loaded liquibase.sqlgenerator.SqlGenerator instance liquibase.sqlgenerator.core.InsertOrUpdateGeneratorSQLite
educationSystem 2022-01-13 13:55:31.624 [,] [HikariPool-1 connection adder] DEBUG com.zaxxer.hikari.pool.HikariPool - HikariPool-1 - Added connection org.postgresql.jdbc.PgConnection@56ce0791
educationSystem 2022-01-13 13:55:31.624 [,] [HikariPool-1 connection adder] DEBUG org.postgresql.Driver - Connecting with URL: jdbc:postgresql://localhost:5432/educationsystem
educationSystem 2022-01-13 13:55:31.625 [,] [HikariPool-1 connection adder] DEBUG org.postgresql.jdbc.PgConnection - PostgreSQL JDBC Driver 42.3.1
educationSystem 2022-01-13 13:55:31.625 [,] [HikariPool-1 connection adder] DEBUG org.postgresql.jdbc.PgConnection -   setDefaultFetchSize = 0
educationSystem 2022-01-13 13:55:31.625 [,] [HikariPool-1 connection adder] DEBUG org.postgresql.jdbc.PgConnection -   setPrepareThreshold = 5
educationSystem 2022-01-13 13:55:31.625 [,] [HikariPool-1 connection adder] DEBUG o.p.core.v3.ConnectionFactoryImpl - Trying to establish a protocol version 3 connection to localhost:5432
educationSystem 2022-01-13 13:55:31.626 [,] [Test worker] DEBUG liquibase.servicelocator - Loaded liquibase.sqlgenerator.SqlGenerator instance liquibase.sqlgenerator.core.InsertOrUpdateGeneratorSybaseASA
educationSystem 2022-01-13 13:55:31.626 [,] [HikariPool-1 connection adder] DEBUG o.p.core.v3.ConnectionFactoryImpl - Receive Buffer Size is 65 536
educationSystem 2022-01-13 13:55:31.627 [,] [HikariPool-1 connection adder] DEBUG o.p.core.v3.ConnectionFactoryImpl - Send Buffer Size is 65 536
educationSystem 2022-01-13 13:55:31.630 [,] [Test worker] DEBUG liquibase.servicelocator - Loaded liquibase.sqlgenerator.SqlGenerator instance liquibase.sqlgenerator.core.InsertSetGenerator
educationSystem 2022-01-13 13:55:31.632 [,] [Test worker] DEBUG liquibase.servicelocator - Loaded liquibase.sqlgenerator.SqlGenerator instance liquibase.sqlgenerator.core.LockDatabaseChangeLogGenerator
educationSystem 2022-01-13 13:55:31.633 [,] [Test worker] DEBUG liquibase.servicelocator - Loaded liquibase.sqlgenerator.SqlGenerator instance liquibase.sqlgenerator.core.MarkChangeSetRanGenerator
educationSystem 2022-01-13 13:55:31.634 [,] [Test worker] DEBUG liquibase.servicelocator - Loaded liquibase.sqlgenerator.SqlGenerator instance liquibase.sqlgenerator.core.ModifyDataTypeGenerator
educationSystem 2022-01-13 13:55:31.635 [,] [Test worker] DEBUG liquibase.servicelocator - Loaded liquibase.sqlgenerator.SqlGenerator instance liquibase.sqlgenerator.core.RawSqlGenerator
educationSystem 2022-01-13 13:55:31.636 [,] [Test worker] DEBUG liquibase.servicelocator - Loaded liquibase.sqlgenerator.SqlGenerator instance liquibase.sqlgenerator.core.ReindexGeneratorSQLite
educationSystem 2022-01-13 13:55:31.636 [,] [Test worker] DEBUG liquibase.servicelocator - Loaded liquibase.sqlgenerator.SqlGenerator instance liquibase.sqlgenerator.core.RemoveChangeSetRanStatusGenerator
educationSystem 2022-01-13 13:55:31.637 [,] [Test worker] DEBUG liquibase.servicelocator - Loaded liquibase.sqlgenerator.SqlGenerator instance liquibase.sqlgenerator.core.RenameColumnGenerator
educationSystem 2022-01-13 13:55:31.638 [,] [Test worker] DEBUG liquibase.servicelocator - Loaded liquibase.sqlgenerator.SqlGenerator instance liquibase.sqlgenerator.core.RenameSequenceGenerator
educationSystem 2022-01-13 13:55:31.639 [,] [Test worker] DEBUG liquibase.servicelocator - Loaded liquibase.sqlgenerator.SqlGenerator instance liquibase.sqlgenerator.core.RenameTableGenerator
educationSystem 2022-01-13 13:55:31.640 [,] [Test worker] DEBUG liquibase.servicelocator - Loaded liquibase.sqlgenerator.SqlGenerator instance liquibase.sqlgenerator.core.RenameViewGenerator
educationSystem 2022-01-13 13:55:31.641 [,] [Test worker] DEBUG liquibase.servicelocator - Loaded liquibase.sqlgenerator.SqlGenerator instance liquibase.sqlgenerator.core.ReorganizeTableGeneratorDB2
educationSystem 2022-01-13 13:55:31.641 [,] [Test worker] DEBUG liquibase.servicelocator - Loaded liquibase.sqlgenerator.SqlGenerator instance liquibase.sqlgenerator.core.RuntimeGenerator
educationSystem 2022-01-13 13:55:31.643 [,] [Test worker] DEBUG liquibase.servicelocator - Loaded liquibase.sqlgenerator.SqlGenerator instance liquibase.sqlgenerator.core.SelectFromDatabaseChangeLogGenerator
educationSystem 2022-01-13 13:55:31.644 [,] [Test worker] DEBUG liquibase.servicelocator - Loaded liquibase.sqlgenerator.SqlGenerator instance liquibase.sqlgenerator.core.SelectFromDatabaseChangeLogLockGenerator
educationSystem 2022-01-13 13:55:31.645 [,] [Test worker] DEBUG liquibase.servicelocator - Loaded liquibase.sqlgenerator.SqlGenerator instance liquibase.sqlgenerator.core.SetColumnRemarksGenerator
educationSystem 2022-01-13 13:55:31.646 [,] [Test worker] DEBUG liquibase.servicelocator - Loaded liquibase.sqlgenerator.SqlGenerator instance liquibase.sqlgenerator.core.SetNullableGenerator
educationSystem 2022-01-13 13:55:31.647 [,] [Test worker] DEBUG liquibase.servicelocator - Loaded liquibase.sqlgenerator.SqlGenerator instance liquibase.sqlgenerator.core.SetTableRemarksGenerator
educationSystem 2022-01-13 13:55:31.648 [,] [Test worker] DEBUG liquibase.servicelocator - Loaded liquibase.sqlgenerator.SqlGenerator instance liquibase.sqlgenerator.core.StoredProcedureGenerator
educationSystem 2022-01-13 13:55:31.650 [,] [Test worker] DEBUG liquibase.servicelocator - Loaded liquibase.sqlgenerator.SqlGenerator instance liquibase.sqlgenerator.core.TableRowCountGenerator
educationSystem 2022-01-13 13:55:31.651 [,] [Test worker] DEBUG liquibase.servicelocator - Loaded liquibase.sqlgenerator.SqlGenerator instance liquibase.sqlgenerator.core.TagDatabaseGenerator
educationSystem 2022-01-13 13:55:31.651 [,] [HikariPool-1 connection adder] DEBUG com.zaxxer.hikari.pool.HikariPool - HikariPool-1 - Added connection org.postgresql.jdbc.PgConnection@13cc932c
educationSystem 2022-01-13 13:55:31.652 [,] [HikariPool-1 connection adder] DEBUG org.postgresql.Driver - Connecting with URL: jdbc:postgresql://localhost:5432/educationsystem
educationSystem 2022-01-13 13:55:31.652 [,] [HikariPool-1 connection adder] DEBUG org.postgresql.jdbc.PgConnection - PostgreSQL JDBC Driver 42.3.1
educationSystem 2022-01-13 13:55:31.652 [,] [HikariPool-1 connection adder] DEBUG org.postgresql.jdbc.PgConnection -   setDefaultFetchSize = 0
educationSystem 2022-01-13 13:55:31.652 [,] [HikariPool-1 connection adder] DEBUG org.postgresql.jdbc.PgConnection -   setPrepareThreshold = 5
educationSystem 2022-01-13 13:55:31.652 [,] [HikariPool-1 connection adder] DEBUG o.p.core.v3.ConnectionFactoryImpl - Trying to establish a protocol version 3 connection to localhost:5432
educationSystem 2022-01-13 13:55:31.652 [,] [Test worker] DEBUG liquibase.servicelocator - Loaded liquibase.sqlgenerator.SqlGenerator instance liquibase.sqlgenerator.core.UnlockDatabaseChangeLogGenerator
educationSystem 2022-01-13 13:55:31.653 [,] [Test worker] DEBUG liquibase.servicelocator - Loaded liquibase.sqlgenerator.SqlGenerator instance liquibase.sqlgenerator.core.UpdateChangeSetChecksumGenerator
educationSystem 2022-01-13 13:55:31.653 [,] [HikariPool-1 connection adder] DEBUG o.p.core.v3.ConnectionFactoryImpl - Receive Buffer Size is 65 536
educationSystem 2022-01-13 13:55:31.653 [,] [HikariPool-1 connection adder] DEBUG o.p.core.v3.ConnectionFactoryImpl - Send Buffer Size is 65 536
educationSystem 2022-01-13 13:55:31.655 [,] [Test worker] DEBUG liquibase.servicelocator - Loaded liquibase.sqlgenerator.SqlGenerator instance liquibase.sqlgenerator.core.UpdateDataChangeGenerator
educationSystem 2022-01-13 13:55:31.656 [,] [Test worker] DEBUG liquibase.servicelocator - Loaded liquibase.sqlgenerator.SqlGenerator instance liquibase.sqlgenerator.core.UpdateGenerator
educationSystem 2022-01-13 13:55:31.657 [,] [Test worker] DEBUG liquibase.servicelocator - Loaded liquibase.sqlgenerator.SqlGenerator instance com.datical.liquibase.ext.appdba.markunused.change.MarkUnusedGenerator
educationSystem 2022-01-13 13:55:31.658 [,] [Test worker] DEBUG liquibase.servicelocator - Loaded liquibase.sqlgenerator.SqlGenerator instance com.datical.liquibase.ext.appdba.synonym.change.CreateSynonymGenerator
educationSystem 2022-01-13 13:55:31.659 [,] [Test worker] DEBUG liquibase.servicelocator - Loaded liquibase.sqlgenerator.SqlGenerator instance com.datical.liquibase.ext.appdba.synonym.change.DropSynonymGenerator
educationSystem 2022-01-13 13:55:31.660 [,] [Test worker] DEBUG liquibase.servicelocator - Loaded liquibase.sqlgenerator.SqlGenerator instance com.datical.liquibase.ext.storedlogic.checkconstraint.change.AddCheckConstraintGenerator
educationSystem 2022-01-13 13:55:31.661 [,] [Test worker] DEBUG liquibase.servicelocator - Loaded liquibase.sqlgenerator.SqlGenerator instance com.datical.liquibase.ext.storedlogic.checkconstraint.change.DisableCheckConstraintGenerator
educationSystem 2022-01-13 13:55:31.661 [,] [Test worker] DEBUG liquibase.servicelocator - Loaded liquibase.sqlgenerator.SqlGenerator instance com.datical.liquibase.ext.storedlogic.checkconstraint.change.DropCheckConstraintGenerator
educationSystem 2022-01-13 13:55:31.662 [,] [Test worker] DEBUG liquibase.servicelocator - Loaded liquibase.sqlgenerator.SqlGenerator instance com.datical.liquibase.ext.storedlogic.checkconstraint.change.EnableCheckConstraintGenerator
educationSystem 2022-01-13 13:55:31.662 [,] [Test worker] DEBUG liquibase.servicelocator - Loaded liquibase.sqlgenerator.SqlGenerator instance com.datical.liquibase.ext.storedlogic.databasepackage.change.CreatePackageBodyGenerator
educationSystem 2022-01-13 13:55:31.663 [,] [Test worker] DEBUG liquibase.servicelocator - Loaded liquibase.sqlgenerator.SqlGenerator instance com.datical.liquibase.ext.storedlogic.databasepackage.change.CreatePackageGenerator
educationSystem 2022-01-13 13:55:31.663 [,] [Test worker] DEBUG liquibase.servicelocator - Loaded liquibase.sqlgenerator.SqlGenerator instance com.datical.liquibase.ext.storedlogic.databasepackage.change.DropPackageBodyGenerator
educationSystem 2022-01-13 13:55:31.664 [,] [Test worker] DEBUG liquibase.servicelocator - Loaded liquibase.sqlgenerator.SqlGenerator instance com.datical.liquibase.ext.storedlogic.databasepackage.change.DropPackageGenerator
educationSystem 2022-01-13 13:55:31.665 [,] [Test worker] DEBUG liquibase.servicelocator - Loaded liquibase.sqlgenerator.SqlGenerator instance com.datical.liquibase.ext.storedlogic.function.change.CreateFunctionGenerator
educationSystem 2022-01-13 13:55:31.665 [,] [Test worker] DEBUG liquibase.servicelocator - Loaded liquibase.sqlgenerator.SqlGenerator instance com.datical.liquibase.ext.storedlogic.function.change.DropFunctionGenerator
educationSystem 2022-01-13 13:55:31.666 [,] [Test worker] DEBUG liquibase.servicelocator - Loaded liquibase.sqlgenerator.SqlGenerator instance com.datical.liquibase.ext.storedlogic.trigger.change.CreateTriggerGenerator
educationSystem 2022-01-13 13:55:31.668 [,] [Test worker] DEBUG liquibase.servicelocator - Loaded liquibase.sqlgenerator.SqlGenerator instance com.datical.liquibase.ext.storedlogic.trigger.change.DisableTriggerGenerator
educationSystem 2022-01-13 13:55:31.669 [,] [Test worker] DEBUG liquibase.servicelocator - Loaded liquibase.sqlgenerator.SqlGenerator instance com.datical.liquibase.ext.storedlogic.trigger.change.DropTriggerGenerator
educationSystem 2022-01-13 13:55:31.669 [,] [Test worker] DEBUG liquibase.servicelocator - Loaded liquibase.sqlgenerator.SqlGenerator instance com.datical.liquibase.ext.storedlogic.trigger.change.EnableTriggerGenerator
educationSystem 2022-01-13 13:55:31.670 [,] [Test worker] DEBUG liquibase.servicelocator - Loaded liquibase.sqlgenerator.SqlGenerator instance com.datical.liquibase.ext.storedlogic.trigger.change.RenameTriggerGenerator
educationSystem 2022-01-13 13:55:31.673 [,] [HikariPool-1 connection adder] DEBUG com.zaxxer.hikari.pool.HikariPool - HikariPool-1 - Added connection org.postgresql.jdbc.PgConnection@441da34
educationSystem 2022-01-13 13:55:31.674 [,] [HikariPool-1 connection adder] DEBUG org.postgresql.Driver - Connecting with URL: jdbc:postgresql://localhost:5432/educationsystem
educationSystem 2022-01-13 13:55:31.674 [,] [HikariPool-1 connection adder] DEBUG org.postgresql.jdbc.PgConnection - PostgreSQL JDBC Driver 42.3.1
educationSystem 2022-01-13 13:55:31.674 [,] [HikariPool-1 connection adder] DEBUG org.postgresql.jdbc.PgConnection -   setDefaultFetchSize = 0
educationSystem 2022-01-13 13:55:31.674 [,] [HikariPool-1 connection adder] DEBUG org.postgresql.jdbc.PgConnection -   setPrepareThreshold = 5
educationSystem 2022-01-13 13:55:31.675 [,] [HikariPool-1 connection adder] DEBUG o.p.core.v3.ConnectionFactoryImpl - Trying to establish a protocol version 3 connection to localhost:5432
educationSystem 2022-01-13 13:55:31.681 [,] [HikariPool-1 connection adder] DEBUG o.p.core.v3.ConnectionFactoryImpl - Receive Buffer Size is 65 536
educationSystem 2022-01-13 13:55:31.682 [,] [HikariPool-1 connection adder] DEBUG o.p.core.v3.ConnectionFactoryImpl - Send Buffer Size is 65 536
educationSystem 2022-01-13 13:55:31.704 [,] [HikariPool-1 connection adder] DEBUG com.zaxxer.hikari.pool.HikariPool - HikariPool-1 - Added connection org.postgresql.jdbc.PgConnection@73e36c63
educationSystem 2022-01-13 13:55:31.704 [,] [HikariPool-1 connection adder] DEBUG org.postgresql.Driver - Connecting with URL: jdbc:postgresql://localhost:5432/educationsystem
educationSystem 2022-01-13 13:55:31.704 [,] [HikariPool-1 connection adder] DEBUG org.postgresql.jdbc.PgConnection - PostgreSQL JDBC Driver 42.3.1
educationSystem 2022-01-13 13:55:31.705 [,] [HikariPool-1 connection adder] DEBUG org.postgresql.jdbc.PgConnection -   setDefaultFetchSize = 0
educationSystem 2022-01-13 13:55:31.705 [,] [HikariPool-1 connection adder] DEBUG org.postgresql.jdbc.PgConnection -   setPrepareThreshold = 5
educationSystem 2022-01-13 13:55:31.705 [,] [HikariPool-1 connection adder] DEBUG o.p.core.v3.ConnectionFactoryImpl - Trying to establish a protocol version 3 connection to localhost:5432
educationSystem 2022-01-13 13:55:31.706 [,] [HikariPool-1 connection adder] DEBUG o.p.core.v3.ConnectionFactoryImpl - Receive Buffer Size is 65 536
educationSystem 2022-01-13 13:55:31.706 [,] [HikariPool-1 connection adder] DEBUG o.p.core.v3.ConnectionFactoryImpl - Send Buffer Size is 65 536
educationSystem 2022-01-13 13:55:31.725 [,] [HikariPool-1 connection adder] DEBUG com.zaxxer.hikari.pool.HikariPool - HikariPool-1 - Added connection org.postgresql.jdbc.PgConnection@1ade82fb
educationSystem 2022-01-13 13:55:31.725 [,] [HikariPool-1 connection adder] DEBUG org.postgresql.Driver - Connecting with URL: jdbc:postgresql://localhost:5432/educationsystem
educationSystem 2022-01-13 13:55:31.726 [,] [HikariPool-1 connection adder] DEBUG org.postgresql.jdbc.PgConnection - PostgreSQL JDBC Driver 42.3.1
educationSystem 2022-01-13 13:55:31.726 [,] [HikariPool-1 connection adder] DEBUG org.postgresql.jdbc.PgConnection -   setDefaultFetchSize = 0
educationSystem 2022-01-13 13:55:31.726 [,] [HikariPool-1 connection adder] DEBUG org.postgresql.jdbc.PgConnection -   setPrepareThreshold = 5
educationSystem 2022-01-13 13:55:31.726 [,] [HikariPool-1 connection adder] DEBUG o.p.core.v3.ConnectionFactoryImpl - Trying to establish a protocol version 3 connection to localhost:5432
educationSystem 2022-01-13 13:55:31.727 [,] [HikariPool-1 connection adder] DEBUG o.p.core.v3.ConnectionFactoryImpl - Receive Buffer Size is 65 536
educationSystem 2022-01-13 13:55:31.728 [,] [HikariPool-1 connection adder] DEBUG o.p.core.v3.ConnectionFactoryImpl - Send Buffer Size is 65 536
educationSystem 2022-01-13 13:55:31.728 [,] [Test worker] INFO liquibase.database - Set default schema name to public
educationSystem 2022-01-13 13:55:31.729 [,] [Test worker] DEBUG liquibase.configuration - No configuration value for liquibase.liquibaseSchemaName aka liquibase.schemaName found
educationSystem 2022-01-13 13:55:31.731 [,] [Test worker] DEBUG liquibase.configuration - No configuration value for liquibase.supportPropertyEscaping aka enableEscaping found
educationSystem 2022-01-13 13:55:31.732 [,] [Test worker] DEBUG liquibase.configuration - Configuration liquibase.supportPropertyEscaping is using the default value of false
educationSystem 2022-01-13 13:55:31.740 [,] [Test worker] DEBUG liquibase.servicelocator - Loaded liquibase.lockservice.LockService instance liquibase.lockservice.LockServiceImpl
educationSystem 2022-01-13 13:55:31.741 [,] [Test worker] DEBUG liquibase.servicelocator - Loaded liquibase.lockservice.LockService instance liquibase.lockservice.MockLockService
educationSystem 2022-01-13 13:55:31.742 [,] [Test worker] DEBUG liquibase.servicelocator - Loaded liquibase.lockservice.LockService instance liquibase.lockservice.OfflineLockService
educationSystem 2022-01-13 13:55:31.742 [,] [Test worker] DEBUG liquibase.servicelocator - Loaded liquibase.lockservice.LockService instance liquibase.lockservice.StandardLockService
educationSystem 2022-01-13 13:55:31.744 [,] [HikariPool-1 connection adder] DEBUG com.zaxxer.hikari.pool.HikariPool - HikariPool-1 - Added connection org.postgresql.jdbc.PgConnection@155f7c2b
educationSystem 2022-01-13 13:55:31.745 [,] [HikariPool-1 connection adder] DEBUG org.postgresql.Driver - Connecting with URL: jdbc:postgresql://localhost:5432/educationsystem
educationSystem 2022-01-13 13:55:31.745 [,] [HikariPool-1 connection adder] DEBUG org.postgresql.jdbc.PgConnection - PostgreSQL JDBC Driver 42.3.1
educationSystem 2022-01-13 13:55:31.745 [,] [HikariPool-1 connection adder] DEBUG org.postgresql.jdbc.PgConnection -   setDefaultFetchSize = 0
educationSystem 2022-01-13 13:55:31.745 [,] [HikariPool-1 connection adder] DEBUG org.postgresql.jdbc.PgConnection -   setPrepareThreshold = 5
educationSystem 2022-01-13 13:55:31.745 [,] [HikariPool-1 connection adder] DEBUG o.p.core.v3.ConnectionFactoryImpl - Trying to establish a protocol version 3 connection to localhost:5432
educationSystem 2022-01-13 13:55:31.746 [,] [HikariPool-1 connection adder] DEBUG o.p.core.v3.ConnectionFactoryImpl - Receive Buffer Size is 65 536
educationSystem 2022-01-13 13:55:31.747 [,] [HikariPool-1 connection adder] DEBUG o.p.core.v3.ConnectionFactoryImpl - Send Buffer Size is 65 536
educationSystem 2022-01-13 13:55:31.750 [,] [Test worker] DEBUG liquibase.configuration - No configuration value for liquibase.changelogLockWaitTimeInMinutes aka liquibase.changeLogLockWaitTimeInMinutes found
educationSystem 2022-01-13 13:55:31.751 [,] [Test worker] DEBUG liquibase.configuration - Configuration liquibase.changelogLockWaitTimeInMinutes is using the default value of 5
educationSystem 2022-01-13 13:55:31.756 [,] [Test worker] DEBUG liquibase.servicelocator - Loaded liquibase.snapshot.SnapshotGenerator instance liquibase.snapshot.jvm.CatalogSnapshotGenerator
educationSystem 2022-01-13 13:55:31.759 [,] [Test worker] DEBUG liquibase.servicelocator - Loaded liquibase.snapshot.SnapshotGenerator instance liquibase.snapshot.jvm.ColumnSnapshotGenerator
educationSystem 2022-01-13 13:55:31.760 [,] [Test worker] DEBUG liquibase.servicelocator - Loaded liquibase.snapshot.SnapshotGenerator instance liquibase.snapshot.jvm.ColumnSnapshotGeneratorH2
educationSystem 2022-01-13 13:55:31.761 [,] [Test worker] DEBUG liquibase.servicelocator - Loaded liquibase.snapshot.SnapshotGenerator instance liquibase.snapshot.jvm.ColumnSnapshotGeneratorInformix
educationSystem 2022-01-13 13:55:31.762 [,] [Test worker] DEBUG liquibase.servicelocator - Loaded liquibase.snapshot.SnapshotGenerator instance liquibase.snapshot.jvm.ColumnSnapshotGeneratorOracle
educationSystem 2022-01-13 13:55:31.763 [,] [Test worker] DEBUG liquibase.servicelocator - Loaded liquibase.snapshot.SnapshotGenerator instance liquibase.snapshot.jvm.DataSnapshotGenerator
educationSystem 2022-01-13 13:55:31.766 [,] [Test worker] DEBUG liquibase.servicelocator - Loaded liquibase.snapshot.SnapshotGenerator instance liquibase.snapshot.jvm.ForeignKeySnapshotGenerator
educationSystem 2022-01-13 13:55:31.767 [,] [HikariPool-1 connection adder] DEBUG com.zaxxer.hikari.pool.HikariPool - HikariPool-1 - Added connection org.postgresql.jdbc.PgConnection@1f4594ce
educationSystem 2022-01-13 13:55:31.767 [,] [HikariPool-1 connection adder] DEBUG org.postgresql.Driver - Connecting with URL: jdbc:postgresql://localhost:5432/educationsystem
educationSystem 2022-01-13 13:55:31.767 [,] [HikariPool-1 connection adder] DEBUG org.postgresql.jdbc.PgConnection - PostgreSQL JDBC Driver 42.3.1
educationSystem 2022-01-13 13:55:31.767 [,] [HikariPool-1 connection adder] DEBUG org.postgresql.jdbc.PgConnection -   setDefaultFetchSize = 0
educationSystem 2022-01-13 13:55:31.768 [,] [HikariPool-1 connection adder] DEBUG org.postgresql.jdbc.PgConnection -   setPrepareThreshold = 5
educationSystem 2022-01-13 13:55:31.768 [,] [HikariPool-1 connection adder] DEBUG o.p.core.v3.ConnectionFactoryImpl - Trying to establish a protocol version 3 connection to localhost:5432
educationSystem 2022-01-13 13:55:31.768 [,] [Test worker] DEBUG liquibase.servicelocator - Loaded liquibase.snapshot.SnapshotGenerator instance liquibase.snapshot.jvm.IndexSnapshotGenerator
educationSystem 2022-01-13 13:55:31.769 [,] [HikariPool-1 connection adder] DEBUG o.p.core.v3.ConnectionFactoryImpl - Receive Buffer Size is 65 536
educationSystem 2022-01-13 13:55:31.769 [,] [HikariPool-1 connection adder] DEBUG o.p.core.v3.ConnectionFactoryImpl - Send Buffer Size is 65 536
educationSystem 2022-01-13 13:55:31.770 [,] [Test worker] DEBUG liquibase.servicelocator - Loaded liquibase.snapshot.SnapshotGenerator instance liquibase.snapshot.jvm.PrimaryKeySnapshotGenerator
educationSystem 2022-01-13 13:55:31.772 [,] [Test worker] DEBUG liquibase.servicelocator - Loaded liquibase.snapshot.SnapshotGenerator instance liquibase.snapshot.jvm.SchemaSnapshotGenerator
educationSystem 2022-01-13 13:55:31.773 [,] [Test worker] DEBUG liquibase.servicelocator - Loaded liquibase.snapshot.SnapshotGenerator instance liquibase.snapshot.jvm.SequenceSnapshotGenerator
educationSystem 2022-01-13 13:55:31.774 [,] [Test worker] DEBUG liquibase.servicelocator - Loaded liquibase.snapshot.SnapshotGenerator instance liquibase.snapshot.jvm.TableSnapshotGenerator
educationSystem 2022-01-13 13:55:31.775 [,] [Test worker] DEBUG liquibase.servicelocator - Loaded liquibase.snapshot.SnapshotGenerator instance liquibase.snapshot.jvm.UniqueConstraintSnapshotGenerator
educationSystem 2022-01-13 13:55:31.775 [,] [Test worker] DEBUG liquibase.servicelocator - Loaded liquibase.snapshot.SnapshotGenerator instance liquibase.snapshot.jvm.ViewSnapshotGenerator
educationSystem 2022-01-13 13:55:31.777 [,] [Test worker] DEBUG liquibase.servicelocator - Loaded liquibase.snapshot.SnapshotGenerator instance com.datical.liquibase.ext.appdba.synonym.SynonymSnapshotGenerator
educationSystem 2022-01-13 13:55:31.778 [,] [Test worker] DEBUG liquibase.servicelocator - Loaded liquibase.snapshot.SnapshotGenerator instance com.datical.liquibase.ext.storedlogic.checkconstraint.CheckConstraintSnapshotGenerator
educationSystem 2022-01-13 13:55:31.779 [,] [Test worker] DEBUG liquibase.servicelocator - Loaded liquibase.snapshot.SnapshotGenerator instance com.datical.liquibase.ext.storedlogic.checkconstraint.postgres.PostgresCheckConstraintSnapshotGenerator
educationSystem 2022-01-13 13:55:31.781 [,] [Test worker] DEBUG liquibase.servicelocator - Loaded liquibase.snapshot.SnapshotGenerator instance com.datical.liquibase.ext.storedlogic.databasepackage.PackageBodySnapshotGenerator
educationSystem 2022-01-13 13:55:31.782 [,] [Test worker] DEBUG liquibase.servicelocator - Loaded liquibase.snapshot.SnapshotGenerator instance com.datical.liquibase.ext.storedlogic.databasepackage.PackageSnapshotGenerator
educationSystem 2022-01-13 13:55:31.785 [,] [Test worker] DEBUG liquibase.servicelocator - Loaded liquibase.snapshot.SnapshotGenerator instance com.datical.liquibase.ext.storedlogic.function.FunctionSnapshotGenerator
educationSystem 2022-01-13 13:55:31.785 [,] [HikariPool-1 connection adder] DEBUG com.zaxxer.hikari.pool.HikariPool - HikariPool-1 - Added connection org.postgresql.jdbc.PgConnection@77ad7331
educationSystem 2022-01-13 13:55:31.785 [,] [Test worker] DEBUG liquibase.servicelocator - Loaded liquibase.snapshot.SnapshotGenerator instance com.datical.liquibase.ext.storedlogic.function.postgres.EDBPostgresFunctionSnapshotGenerator
educationSystem 2022-01-13 13:55:31.785 [,] [Test worker] DEBUG liquibase.servicelocator - Loaded liquibase.snapshot.SnapshotGenerator instance com.datical.liquibase.ext.storedlogic.function.postgres.PostgresFunctionSnapshotGenerator
educationSystem 2022-01-13 13:55:31.785 [,] [HikariPool-1 connection adder] DEBUG org.postgresql.Driver - Connecting with URL: jdbc:postgresql://localhost:5432/educationsystem
educationSystem 2022-01-13 13:55:31.785 [,] [HikariPool-1 connection adder] DEBUG org.postgresql.jdbc.PgConnection - PostgreSQL JDBC Driver 42.3.1
educationSystem 2022-01-13 13:55:31.786 [,] [HikariPool-1 connection adder] DEBUG org.postgresql.jdbc.PgConnection -   setDefaultFetchSize = 0
[...]
educationSystem 2022-01-13 13:55:35.495 [,] [Test worker] DEBUG o.springframework.test.context.cache - Spring test ApplicationContext cache statistics: [DefaultContextCache@28468162 size = 1, maxSize = 32, parentContextCount = 0, hitCount = 5, missCount = 1]
educationSystem 2022-01-13 13:55:35.503 [,] [Test worker] DEBUG o.s.t.c.c.DefaultCacheAwareContextLoaderDelegate - Retrieved ApplicationContext [1723848804] from cache with key [[WebMergedContextConfiguration@297ea53a testClass = EducationSystemApplicationTests, locations = '{}', classes = '{class by.akimova.educationSystem.EducationSystemApplication}', contextInitializerClasses = '[]', activeProfiles = '{}', propertySourceLocations = '{}', propertySourceProperties = '{org.springframework.boot.test.context.SpringBootTestContextBootstrapper=true}', contextCustomizers = set[org.springframework.boot.test.autoconfigure.actuate.metrics.MetricsExportContextCustomizerFactory$DisableMetricExportContextCustomizer@336f1079, org.springframework.boot.test.autoconfigure.properties.PropertyMappingContextCustomizer@0, org.springframework.boot.test.autoconfigure.web.servlet.WebDriverContextCustomizerFactory$Customizer@40db2a24, org.springframework.boot.test.context.filter.ExcludeFilterContextCustomizer@7f132176, org.springframework.boot.test.json.DuplicateJsonObjectContextCustomizerFactory$DuplicateJsonObjectContextCustomizer@6ed3f258, org.springframework.boot.test.mock.mockito.MockitoContextCustomizer@0, org.springframework.boot.test.web.client.TestRestTemplateContextCustomizer@53de625d, org.springframework.boot.test.context.SpringBootTestArgs@1, org.springframework.boot.test.context.SpringBootTestWebEnvironment@31e5415e], resourceBasePath = 'src/main/webapp', contextLoader = 'org.springframework.boot.test.context.SpringBootContextLoader', parent = [null]]]
educationSystem 2022-01-13 13:55:35.504 [,] [Test worker] DEBUG o.springframework.test.context.cache - Spring test ApplicationContext cache statistics: [DefaultContextCache@28468162 size = 1, maxSize = 32, parentContextCount = 0, hitCount = 6, missCount = 1]
educationSystem 2022-01-13 13:55:35.506 [,] [Test worker] DEBUG o.s.t.c.c.DefaultCacheAwareContextLoaderDelegate - Retrieved ApplicationContext [1723848804] from cache with key [[WebMergedContextConfiguration@297ea53a testClass = EducationSystemApplicationTests, locations = '{}', classes = '{class by.akimova.educationSystem.EducationSystemApplication}', contextInitializerClasses = '[]', activeProfiles = '{}', propertySourceLocations = '{}', propertySourceProperties = '{org.springframework.boot.test.context.SpringBootTestContextBootstrapper=true}', contextCustomizers = set[org.springframework.boot.test.autoconfigure.actuate.metrics.MetricsExportContextCustomizerFactory$DisableMetricExportContextCustomizer@336f1079, org.springframework.boot.test.autoconfigure.properties.PropertyMappingContextCustomizer@0, org.springframework.boot.test.autoconfigure.web.servlet.WebDriverContextCustomizerFactory$Customizer@40db2a24, org.springframework.boot.test.context.filter.ExcludeFilterContextCustomizer@7f132176, org.springframework.boot.test.json.DuplicateJsonObjectContextCustomizerFactory$DuplicateJsonObjectContextCustomizer@6ed3f258, org.springframework.boot.test.mock.mockito.MockitoContextCustomizer@0, org.springframework.boot.test.web.client.TestRestTemplateContextCustomizer@53de625d, org.springframework.boot.test.context.SpringBootTestArgs@1, org.springframework.boot.test.context.SpringBootTestWebEnvironment@31e5415e], resourceBasePath = 'src/main/webapp', contextLoader = 'org.springframework.boot.test.context.SpringBootContextLoader', parent = [null]]]
educationSystem 2022-01-13 13:55:35.506 [,] [Test worker] DEBUG o.springframework.test.context.cache - Spring test ApplicationContext cache statistics: [DefaultContextCache@28468162 size = 1, maxSize = 32, parentContextCount = 0, hitCount = 7, missCount = 1]
educationSystem 2022-01-13 13:55:35.508 [,] [Test worker] DEBUG o.s.t.c.c.DefaultCacheAwareContextLoaderDelegate - Retrieved ApplicationContext [1723848804] from cache with key [[WebMergedContextConfiguration@297ea53a testClass = EducationSystemApplicationTests, locations = '{}', classes = '{class by.akimova.educationSystem.EducationSystemApplication}', contextInitializerClasses = '[]', activeProfiles = '{}', propertySourceLocations = '{}', propertySourceProperties = '{org.springframework.boot.test.context.SpringBootTestContextBootstrapper=true}', contextCustomizers = set[org.springframework.boot.test.autoconfigure.actuate.metrics.MetricsExportContextCustomizerFactory$DisableMetricExportContextCustomizer@336f1079, org.springframework.boot.test.autoconfigure.properties.PropertyMappingContextCustomizer@0, org.springframework.boot.test.autoconfigure.web.servlet.WebDriverContextCustomizerFactory$Customizer@40db2a24, org.springframework.boot.test.context.filter.ExcludeFilterContextCustomizer@7f132176, org.springframework.boot.test.json.DuplicateJsonObjectContextCustomizerFactory$DuplicateJsonObjectContextCustomizer@6ed3f258, org.springframework.boot.test.mock.mockito.MockitoContextCustomizer@0, org.springframework.boot.test.web.client.TestRestTemplateContextCustomizer@53de625d, org.springframework.boot.test.context.SpringBootTestArgs@1, org.springframework.boot.test.context.SpringBootTestWebEnvironment@31e5415e], resourceBasePath = 'src/main/webapp', contextLoader = 'org.springframework.boot.test.context.SpringBootContextLoader', parent = [null]]]
educationSystem 2022-01-13 13:55:35.508 [,] [Test worker] DEBUG o.springframework.test.context.cache - Spring test ApplicationContext cache statistics: [DefaultContextCache@28468162 size = 1, maxSize = 32, parentContextCount = 0, hitCount = 8, missCount = 1]
educationSystem 2022-01-13 13:55:35.508 [,] [Test worker] DEBUG o.s.t.c.c.DefaultCacheAwareContextLoaderDelegate - Retrieved ApplicationContext [1723848804] from cache with key [[WebMergedContextConfiguration@297ea53a testClass = EducationSystemApplicationTests, locations = '{}', classes = '{class by.akimova.educationSystem.EducationSystemApplication}', contextInitializerClasses = '[]', activeProfiles = '{}', propertySourceLocations = '{}', propertySourceProperties = '{org.springframework.boot.test.context.SpringBootTestContextBootstrapper=true}', contextCustomizers = set[org.springframework.boot.test.autoconfigure.actuate.metrics.MetricsExportContextCustomizerFactory$DisableMetricExportContextCustomizer@336f1079, org.springframework.boot.test.autoconfigure.properties.PropertyMappingContextCustomizer@0, org.springframework.boot.test.autoconfigure.web.servlet.WebDriverContextCustomizerFactory$Customizer@40db2a24, org.springframework.boot.test.context.filter.ExcludeFilterContextCustomizer@7f132176, org.springframework.boot.test.json.DuplicateJsonObjectContextCustomizerFactory$DuplicateJsonObjectContextCustomizer@6ed3f258, org.springframework.boot.test.mock.mockito.MockitoContextCustomizer@0, org.springframework.boot.test.web.client.TestRestTemplateContextCustomizer@53de625d, org.springframework.boot.test.context.SpringBootTestArgs@1, org.springframework.boot.test.context.SpringBootTestWebEnvironment@31e5415e], resourceBasePath = 'src/main/webapp', contextLoader = 'org.springframework.boot.test.context.SpringBootContextLoader', parent = [null]]]
educationSystem 2022-01-13 13:55:35.508 [,] [Test worker] DEBUG o.springframework.test.context.cache - Spring test ApplicationContext cache statistics: [DefaultContextCache@28468162 size = 1, maxSize = 32, parentContextCount = 0, hitCount = 9, missCount = 1]
educationSystem 2022-01-13 13:55:35.510 [,] [Test worker] DEBUG o.s.t.c.c.DefaultCacheAwareContextLoaderDelegate - Retrieved ApplicationContext [1723848804] from cache with key [[WebMergedContextConfiguration@297ea53a testClass = EducationSystemApplicationTests, locations = '{}', classes = '{class by.akimova.educationSystem.EducationSystemApplication}', contextInitializerClasses = '[]', activeProfiles = '{}', propertySourceLocations = '{}', propertySourceProperties = '{org.springframework.boot.test.context.SpringBootTestContextBootstrapper=true}', contextCustomizers = set[org.springframework.boot.test.autoconfigure.actuate.metrics.MetricsExportContextCustomizerFactory$DisableMetricExportContextCustomizer@336f1079, org.springframework.boot.test.autoconfigure.properties.PropertyMappingContextCustomizer@0, org.springframework.boot.test.autoconfigure.web.servlet.WebDriverContextCustomizerFactory$Customizer@40db2a24, org.springframework.boot.test.context.filter.ExcludeFilterContextCustomizer@7f132176, org.springframework.boot.test.json.DuplicateJsonObjectContextCustomizerFactory$DuplicateJsonObjectContextCustomizer@6ed3f258, org.springframework.boot.test.mock.mockito.MockitoContextCustomizer@0, org.springframework.boot.test.web.client.TestRestTemplateContextCustomizer@53de625d, org.springframework.boot.test.context.SpringBootTestArgs@1, org.springframework.boot.test.context.SpringBootTestWebEnvironment@31e5415e], resourceBasePath = 'src/main/webapp', contextLoader = 'org.springframework.boot.test.context.SpringBootContextLoader', parent = [null]]]
educationSystem 2022-01-13 13:55:35.510 [,] [Test worker] DEBUG o.springframework.test.context.cache - Spring test ApplicationContext cache statistics: [DefaultContextCache@28468162 size = 1, maxSize = 32, parentContextCount = 0, hitCount = 10, missCount = 1]
educationSystem 2022-01-13 13:55:35.513 [,] [Test worker] DEBUG o.s.t.c.c.DefaultCacheAwareContextLoaderDelegate - Retrieved ApplicationContext [1723848804] from cache with key [[WebMergedContextConfiguration@297ea53a testClass = EducationSystemApplicationTests, locations = '{}', classes = '{class by.akimova.educationSystem.EducationSystemApplication}', contextInitializerClasses = '[]', activeProfiles = '{}', propertySourceLocations = '{}', propertySourceProperties = '{org.springframework.boot.test.context.SpringBootTestContextBootstrapper=true}', contextCustomizers = set[org.springframework.boot.test.autoconfigure.actuate.metrics.MetricsExportContextCustomizerFactory$DisableMetricExportContextCustomizer@336f1079, org.springframework.boot.test.autoconfigure.properties.PropertyMappingContextCustomizer@0, org.springframework.boot.test.autoconfigure.web.servlet.WebDriverContextCustomizerFactory$Customizer@40db2a24, org.springframework.boot.test.context.filter.ExcludeFilterContextCustomizer@7f132176, org.springframework.boot.test.json.DuplicateJsonObjectContextCustomizerFactory$DuplicateJsonObjectContextCustomizer@6ed3f258, org.springframework.boot.test.mock.mockito.MockitoContextCustomizer@0, org.springframework.boot.test.web.client.TestRestTemplateContextCustomizer@53de625d, org.springframework.boot.test.context.SpringBootTestArgs@1, org.springframework.boot.test.context.SpringBootTestWebEnvironment@31e5415e], resourceBasePath = 'src/main/webapp', contextLoader = 'org.springframework.boot.test.context.SpringBootContextLoader', parent = [null]]]
educationSystem 2022-01-13 13:55:35.513 [,] [Test worker] DEBUG o.springframework.test.context.cache - Spring test ApplicationContext cache statistics: [DefaultContextCache@28468162 size = 1, maxSize = 32, parentContextCount = 0, hitCount = 11, missCount = 1]
educationSystem 2022-01-13 13:55:35.514 [,] [Test worker] DEBUG o.s.t.c.s.AbstractDirtiesContextTestExecutionListener - After test method: context [DefaultTestContext@132ddbab testClass = EducationSystemApplicationTests, testInstance = by.akimova.educationSystem.EducationSystemApplicationTests@21262bde, testMethod = contextLoads@EducationSystemApplicationTests, testException = [null], mergedContextConfiguration = [WebMergedContextConfiguration@297ea53a testClass = EducationSystemApplicationTests, locations = '{}', classes = '{class by.akimova.educationSystem.EducationSystemApplication}', contextInitializerClasses = '[]', activeProfiles = '{}', propertySourceLocations = '{}', propertySourceProperties = '{org.springframework.boot.test.context.SpringBootTestContextBootstrapper=true}', contextCustomizers = set[org.springframework.boot.test.autoconfigure.actuate.metrics.MetricsExportContextCustomizerFactory$DisableMetricExportContextCustomizer@336f1079, org.springframework.boot.test.autoconfigure.properties.PropertyMappingContextCustomizer@0, org.springframework.boot.test.autoconfigure.web.servlet.WebDriverContextCustomizerFactory$Customizer@40db2a24, org.springframework.boot.test.context.filter.ExcludeFilterContextCustomizer@7f132176, org.springframework.boot.test.json.DuplicateJsonObjectContextCustomizerFactory$DuplicateJsonObjectContextCustomizer@6ed3f258, org.springframework.boot.test.mock.mockito.MockitoContextCustomizer@0, org.springframework.boot.test.web.client.TestRestTemplateContextCustomizer@53de625d, org.springframework.boot.test.context.SpringBootTestArgs@1, org.springframework.boot.test.context.SpringBootTestWebEnvironment@31e5415e], resourceBasePath = 'src/main/webapp', contextLoader = 'org.springframework.boot.test.context.SpringBootContextLoader', parent = [null]], attributes = map['org.springframework.test.context.web.ServletTestExecutionListener.activateListener' -> true, 'org.springframework.test.context.web.ServletTestExecutionListener.populatedRequestContextHolder' -> true, 'org.springframework.test.context.web.ServletTestExecutionListener.resetRequestContextHolder' -> true, 'org.springframework.test.context.event.ApplicationEventsTestExecutionListener.recordApplicationEvents' -> false]], class annotated with @DirtiesContext [false] with mode [null], method annotated with @DirtiesContext [false] with mode [null].
educationSystem 2022-01-13 13:55:35.514 [,] [Test worker] DEBUG o.s.t.c.w.ServletTestExecutionListener - Resetting RequestContextHolder for test context [DefaultTestContext@132ddbab testClass = EducationSystemApplicationTests, testInstance = by.akimova.educationSystem.EducationSystemApplicationTests@21262bde, testMethod = contextLoads@EducationSystemApplicationTests, testException = [null], mergedContextConfiguration = [WebMergedContextConfiguration@297ea53a testClass = EducationSystemApplicationTests, locations = '{}', classes = '{class by.akimova.educationSystem.EducationSystemApplication}', contextInitializerClasses = '[]', activeProfiles = '{}', propertySourceLocations = '{}', propertySourceProperties = '{org.springframework.boot.test.context.SpringBootTestContextBootstrapper=true}', contextCustomizers = set[org.springframework.boot.test.autoconfigure.actuate.metrics.MetricsExportContextCustomizerFactory$DisableMetricExportContextCustomizer@336f1079, org.springframework.boot.test.autoconfigure.properties.PropertyMappingContextCustomizer@0, org.springframework.boot.test.autoconfigure.web.servlet.WebDriverContextCustomizerFactory$Customizer@40db2a24, org.springframework.boot.test.context.filter.ExcludeFilterContextCustomizer@7f132176, org.springframework.boot.test.json.DuplicateJsonObjectContextCustomizerFactory$DuplicateJsonObjectContextCustomizer@6ed3f258, org.springframework.boot.test.mock.mockito.MockitoContextCustomizer@0, org.springframework.boot.test.web.client.TestRestTemplateContextCustomizer@53de625d, org.springframework.boot.test.context.SpringBootTestArgs@1, org.springframework.boot.test.context.SpringBootTestWebEnvironment@31e5415e], resourceBasePath = 'src/main/webapp', contextLoader = 'org.springframework.boot.test.context.SpringBootContextLoader', parent = [null]], attributes = map['org.springframework.test.context.web.ServletTestExecutionListener.activateListener' -> true, 'org.springframework.test.context.web.ServletTestExecutionListener.populatedRequestContextHolder' -> true, 'org.springframework.test.context.web.ServletTestExecutionListener.resetRequestContextHolder' -> true, 'org.springframework.test.context.event.ApplicationEventsTestExecutionListener.recordApplicationEvents' -> false]].
educationSystem 2022-01-13 13:55:35.524 [,] [Test worker] DEBUG o.s.t.c.c.DefaultCacheAwareContextLoaderDelegate - Retrieved ApplicationContext [1723848804] from cache with key [[WebMergedContextConfiguration@297ea53a testClass = EducationSystemApplicationTests, locations = '{}', classes = '{class by.akimova.educationSystem.EducationSystemApplication}', contextInitializerClasses = '[]', activeProfiles = '{}', propertySourceLocations = '{}', propertySourceProperties = '{org.springframework.boot.test.context.SpringBootTestContextBootstrapper=true}', contextCustomizers = set[org.springframework.boot.test.autoconfigure.actuate.metrics.MetricsExportContextCustomizerFactory$DisableMetricExportContextCustomizer@336f1079, org.springframework.boot.test.autoconfigure.properties.PropertyMappingContextCustomizer@0, org.springframework.boot.test.autoconfigure.web.servlet.WebDriverContextCustomizerFactory$Customizer@40db2a24, org.springframework.boot.test.context.filter.ExcludeFilterContextCustomizer@7f132176, org.springframework.boot.test.json.DuplicateJsonObjectContextCustomizerFactory$DuplicateJsonObjectContextCustomizer@6ed3f258, org.springframework.boot.test.mock.mockito.MockitoContextCustomizer@0, org.springframework.boot.test.web.client.TestRestTemplateContextCustomizer@53de625d, org.springframework.boot.test.context.SpringBootTestArgs@1, org.springframework.boot.test.context.SpringBootTestWebEnvironment@31e5415e], resourceBasePath = 'src/main/webapp', contextLoader = 'org.springframework.boot.test.context.SpringBootContextLoader', parent = [null]]]
educationSystem 2022-01-13 13:55:35.525 [,] [Test worker] DEBUG o.springframework.test.context.cache - Spring test ApplicationContext cache statistics: [DefaultContextCache@28468162 size = 1, maxSize = 32, parentContextCount = 0, hitCount = 12, missCount = 1]
educationSystem 2022-01-13 13:55:35.526 [,] [Test worker] DEBUG o.s.t.c.s.AbstractDirtiesContextTestExecutionListener - After test class: context [DefaultTestContext@132ddbab testClass = EducationSystemApplicationTests, testInstance = [null], testMethod = [null], testException = [null], mergedContextConfiguration = [WebMergedContextConfiguration@297ea53a testClass = EducationSystemApplicationTests, locations = '{}', classes = '{class by.akimova.educationSystem.EducationSystemApplication}', contextInitializerClasses = '[]', activeProfiles = '{}', propertySourceLocations = '{}', propertySourceProperties = '{org.springframework.boot.test.context.SpringBootTestContextBootstrapper=true}', contextCustomizers = set[org.springframework.boot.test.autoconfigure.actuate.metrics.MetricsExportContextCustomizerFactory$DisableMetricExportContextCustomizer@336f1079, org.springframework.boot.test.autoconfigure.properties.PropertyMappingContextCustomizer@0, org.springframework.boot.test.autoconfigure.web.servlet.WebDriverContextCustomizerFactory$Customizer@40db2a24, org.springframework.boot.test.context.filter.ExcludeFilterContextCustomizer@7f132176, org.springframework.boot.test.json.DuplicateJsonObjectContextCustomizerFactory$DuplicateJsonObjectContextCustomizer@6ed3f258, org.springframework.boot.test.mock.mockito.MockitoContextCustomizer@0, org.springframework.boot.test.web.client.TestRestTemplateContextCustomizer@53de625d, org.springframework.boot.test.context.SpringBootTestArgs@1, org.springframework.boot.test.context.SpringBootTestWebEnvironment@31e5415e], resourceBasePath = 'src/main/webapp', contextLoader = 'org.springframework.boot.test.context.SpringBootContextLoader', parent = [null]], attributes = map['org.springframework.test.context.web.ServletTestExecutionListener.activateListener' -> true, 'org.springframework.test.context.event.ApplicationEventsTestExecutionListener.recordApplicationEvents' -> false, 'org.springframework.test.context.support.DependencyInjectionTestExecutionListener.reinjectDependencies' -> true]], class annotated with @DirtiesContext [false] with mode [null].
]]></system-out>
  <system-err><![CDATA[]]></system-err>
</testsuite>
